[2022-07-10 06:15:48] local.ERROR: SQLSTATE[23000]: Integrity constraint violation: 1062 Duplicate entry 'Desktop PC' for key 'products_name_unique' (SQL: insert into `products` (`name`, `slug`, `details`, `price`, `image`, `images`, `featured`, `category_id`, `description`, `quantity`, `updated_at`, `created_at`) values (Desktop PC, desktop-pc-2, AMD Ryzen 5, 12 GB RAM. 512 GB SSD, 1200, products\July2022\vNq7zu7h0VA45gBKuDKN.jpg, ?, 1, 2, <p><span style="color: #000000; font-family: 'Open Sans', Arial, sans-serif; text-align: justify;">Lorem ipsum dolor sit amet, consectetur adipiscing elit. Morbi laoreet vulputate mattis. Fusce mi augue, dictum sed suscipit malesuada, vulputate eget neque. Sed at mollis magna. Etiam vestibulum urna vitae ex aliquet, sit amet efficitur augue vulputate. Pellentesque sagittis, augue id tempus ultrices, sem lorem feugiat urna, et pretium nisl orci et mauris. Morbi purus urna, aliquet at suscipit a, congue et neque. Ut sapien risus, tincidunt in gravida eu, hendrerit non lacus.</span></p>, 5, 2022-07-10 06:15:48, 2022-07-10 06:15:48)) {"userId":1,"exception":"[object] (Illuminate\\Database\\QueryException(code: 23000): SQLSTATE[23000]: Integrity constraint violation: 1062 Duplicate entry 'Desktop PC' for key 'products_name_unique' (SQL: insert into `products` (`name`, `slug`, `details`, `price`, `image`, `images`, `featured`, `category_id`, `description`, `quantity`, `updated_at`, `created_at`) values (Desktop PC, desktop-pc-2, AMD Ryzen 5, 12 GB RAM. 512 GB SSD, 1200, products\\July2022\\vNq7zu7h0VA45gBKuDKN.jpg, ?, 1, 2, <p><span style=\"color: #000000; font-family: 'Open Sans', Arial, sans-serif; text-align: justify;\">Lorem ipsum dolor sit amet, consectetur adipiscing elit. Morbi laoreet vulputate mattis. Fusce mi augue, dictum sed suscipit malesuada, vulputate eget neque. Sed at mollis magna. Etiam vestibulum urna vitae ex aliquet, sit amet efficitur augue vulputate. Pellentesque sagittis, augue id tempus ultrices, sem lorem feugiat urna, et pretium nisl orci et mauris. Morbi purus urna, aliquet at suscipit a, congue et neque. Ut sapien risus, tincidunt in gravida eu, hendrerit non lacus.</span></p>, 5, 2022-07-10 06:15:48, 2022-07-10 06:15:48)) at D:\\Kuliah\\Smt 4\\PWL\\Coding PWL\\ecommerce-laravel-master-final\\ecommerce-laravel-master\\vendor\\laravel\\framework\\src\\Illuminate\\Database\\Connection.php:712)
[stacktrace]
#0 D:\\Kuliah\\Smt 4\\PWL\\Coding PWL\\ecommerce-laravel-master-final\\ecommerce-laravel-master\\vendor\\laravel\\framework\\src\\Illuminate\\Database\\Connection.php(672): Illuminate\\Database\\Connection->runQueryCallback('insert into `pr...', Array, Object(Closure))
#1 D:\\Kuliah\\Smt 4\\PWL\\Coding PWL\\ecommerce-laravel-master-final\\ecommerce-laravel-master\\vendor\\laravel\\framework\\src\\Illuminate\\Database\\Connection.php(502): Illuminate\\Database\\Connection->run('insert into `pr...', Array, Object(Closure))
#2 D:\\Kuliah\\Smt 4\\PWL\\Coding PWL\\ecommerce-laravel-master-final\\ecommerce-laravel-master\\vendor\\laravel\\framework\\src\\Illuminate\\Database\\Connection.php(454): Illuminate\\Database\\Connection->statement('insert into `pr...', Array)
#3 D:\\Kuliah\\Smt 4\\PWL\\Coding PWL\\ecommerce-laravel-master-final\\ecommerce-laravel-master\\vendor\\laravel\\framework\\src\\Illuminate\\Database\\Query\\Processors\\Processor.php(32): Illuminate\\Database\\Connection->insert('insert into `pr...', Array)
#4 D:\\Kuliah\\Smt 4\\PWL\\Coding PWL\\ecommerce-laravel-master-final\\ecommerce-laravel-master\\vendor\\laravel\\framework\\src\\Illuminate\\Database\\Query\\Builder.php(3028): Illuminate\\Database\\Query\\Processors\\Processor->processInsertGetId(Object(Illuminate\\Database\\Query\\Builder), 'insert into `pr...', Array, 'id')
#5 D:\\Kuliah\\Smt 4\\PWL\\Coding PWL\\ecommerce-laravel-master-final\\ecommerce-laravel-master\\vendor\\laravel\\framework\\src\\Illuminate\\Database\\Eloquent\\Builder.php(1657): Illuminate\\Database\\Query\\Builder->insertGetId(Array, 'id')
#6 D:\\Kuliah\\Smt 4\\PWL\\Coding PWL\\ecommerce-laravel-master-final\\ecommerce-laravel-master\\vendor\\laravel\\framework\\src\\Illuminate\\Database\\Eloquent\\Model.php(1188): Illuminate\\Database\\Eloquent\\Builder->__call('insertGetId', Array)
#7 D:\\Kuliah\\Smt 4\\PWL\\Coding PWL\\ecommerce-laravel-master-final\\ecommerce-laravel-master\\vendor\\laravel\\framework\\src\\Illuminate\\Database\\Eloquent\\Model.php(1153): Illuminate\\Database\\Eloquent\\Model->insertAndSetId(Object(Illuminate\\Database\\Eloquent\\Builder), Array)
#8 D:\\Kuliah\\Smt 4\\PWL\\Coding PWL\\ecommerce-laravel-master-final\\ecommerce-laravel-master\\vendor\\laravel\\framework\\src\\Illuminate\\Database\\Eloquent\\Model.php(994): Illuminate\\Database\\Eloquent\\Model->performInsert(Object(Illuminate\\Database\\Eloquent\\Builder))
#9 D:\\Kuliah\\Smt 4\\PWL\\Coding PWL\\ecommerce-laravel-master-final\\ecommerce-laravel-master\\vendor\\tcg\\voyager\\src\\Http\\Controllers\\Controller.php(142): Illuminate\\Database\\Eloquent\\Model->save()
#10 D:\\Kuliah\\Smt 4\\PWL\\Coding PWL\\ecommerce-laravel-master-final\\ecommerce-laravel-master\\vendor\\tcg\\voyager\\src\\Http\\Controllers\\VoyagerBaseController.php(448): TCG\\Voyager\\Http\\Controllers\\Controller->insertUpdateData(Object(Illuminate\\Http\\Request), 'products', Object(Illuminate\\Database\\Eloquent\\Collection), Object(App\\Product))
#11 D:\\Kuliah\\Smt 4\\PWL\\Coding PWL\\ecommerce-laravel-master-final\\ecommerce-laravel-master\\vendor\\laravel\\framework\\src\\Illuminate\\Routing\\Controller.php(54): TCG\\Voyager\\Http\\Controllers\\VoyagerBaseController->store(Object(Illuminate\\Http\\Request))
#12 D:\\Kuliah\\Smt 4\\PWL\\Coding PWL\\ecommerce-laravel-master-final\\ecommerce-laravel-master\\vendor\\laravel\\framework\\src\\Illuminate\\Routing\\ControllerDispatcher.php(45): Illuminate\\Routing\\Controller->callAction('store', Array)
#13 D:\\Kuliah\\Smt 4\\PWL\\Coding PWL\\ecommerce-laravel-master-final\\ecommerce-laravel-master\\vendor\\laravel\\framework\\src\\Illuminate\\Routing\\Route.php(262): Illuminate\\Routing\\ControllerDispatcher->dispatch(Object(Illuminate\\Routing\\Route), Object(TCG\\Voyager\\Http\\Controllers\\VoyagerBaseController), 'store')
#14 D:\\Kuliah\\Smt 4\\PWL\\Coding PWL\\ecommerce-laravel-master-final\\ecommerce-laravel-master\\vendor\\laravel\\framework\\src\\Illuminate\\Routing\\Route.php(205): Illuminate\\Routing\\Route->runController()
#15 D:\\Kuliah\\Smt 4\\PWL\\Coding PWL\\ecommerce-laravel-master-final\\ecommerce-laravel-master\\vendor\\laravel\\framework\\src\\Illuminate\\Routing\\Router.php(721): Illuminate\\Routing\\Route->run()
#16 D:\\Kuliah\\Smt 4\\PWL\\Coding PWL\\ecommerce-laravel-master-final\\ecommerce-laravel-master\\vendor\\laravel\\framework\\src\\Illuminate\\Pipeline\\Pipeline.php(128): Illuminate\\Routing\\Router->Illuminate\\Routing\\{closure}(Object(Illuminate\\Http\\Request))
#17 D:\\Kuliah\\Smt 4\\PWL\\Coding PWL\\ecommerce-laravel-master-final\\ecommerce-laravel-master\\vendor\\tcg\\voyager\\src\\Http\\Middleware\\VoyagerAdminMiddleware.php(26): Illuminate\\Pipeline\\Pipeline->Illuminate\\Pipeline\\{closure}(Object(Illuminate\\Http\\Request))
#18 D:\\Kuliah\\Smt 4\\PWL\\Coding PWL\\ecommerce-laravel-master-final\\ecommerce-laravel-master\\vendor\\laravel\\framework\\src\\Illuminate\\Pipeline\\Pipeline.php(167): TCG\\Voyager\\Http\\Middleware\\VoyagerAdminMiddleware->handle(Object(Illuminate\\Http\\Request), Object(Closure))
#19 D:\\Kuliah\\Smt 4\\PWL\\Coding PWL\\ecommerce-laravel-master-final\\ecommerce-laravel-master\\app\\Http\\Middleware\\VisitsMiddleware.php(35): Illuminate\\Pipeline\\Pipeline->Illuminate\\Pipeline\\{closure}(Object(Illuminate\\Http\\Request))
#20 D:\\Kuliah\\Smt 4\\PWL\\Coding PWL\\ecommerce-laravel-master-final\\ecommerce-laravel-master\\vendor\\laravel\\framework\\src\\Illuminate\\Pipeline\\Pipeline.php(167): App\\Http\\Middleware\\VisitsMiddleware->handle(Object(Illuminate\\Http\\Request), Object(Closure))
#21 D:\\Kuliah\\Smt 4\\PWL\\Coding PWL\\ecommerce-laravel-master-final\\ecommerce-laravel-master\\vendor\\laravel\\framework\\src\\Illuminate\\Routing\\Middleware\\SubstituteBindings.php(50): Illuminate\\Pipeline\\Pipeline->Illuminate\\Pipeline\\{closure}(Object(Illuminate\\Http\\Request))
#22 D:\\Kuliah\\Smt 4\\PWL\\Coding PWL\\ecommerce-laravel-master-final\\ecommerce-laravel-master\\vendor\\laravel\\framework\\src\\Illuminate\\Pipeline\\Pipeline.php(167): Illuminate\\Routing\\Middleware\\SubstituteBindings->handle(Object(Illuminate\\Http\\Request), Object(Closure))
#23 D:\\Kuliah\\Smt 4\\PWL\\Coding PWL\\ecommerce-laravel-master-final\\ecommerce-laravel-master\\vendor\\laravel\\framework\\src\\Illuminate\\Foundation\\Http\\Middleware\\VerifyCsrfToken.php(78): Illuminate\\Pipeline\\Pipeline->Illuminate\\Pipeline\\{closure}(Object(Illuminate\\Http\\Request))
#24 D:\\Kuliah\\Smt 4\\PWL\\Coding PWL\\ecommerce-laravel-master-final\\ecommerce-laravel-master\\vendor\\laravel\\framework\\src\\Illuminate\\Pipeline\\Pipeline.php(167): Illuminate\\Foundation\\Http\\Middleware\\VerifyCsrfToken->handle(Object(Illuminate\\Http\\Request), Object(Closure))
#25 D:\\Kuliah\\Smt 4\\PWL\\Coding PWL\\ecommerce-laravel-master-final\\ecommerce-laravel-master\\vendor\\laravel\\framework\\src\\Illuminate\\View\\Middleware\\ShareErrorsFromSession.php(49): Illuminate\\Pipeline\\Pipeline->Illuminate\\Pipeline\\{closure}(Object(Illuminate\\Http\\Request))
#26 D:\\Kuliah\\Smt 4\\PWL\\Coding PWL\\ecommerce-laravel-master-final\\ecommerce-laravel-master\\vendor\\laravel\\framework\\src\\Illuminate\\Pipeline\\Pipeline.php(167): Illuminate\\View\\Middleware\\ShareErrorsFromSession->handle(Object(Illuminate\\Http\\Request), Object(Closure))
#27 D:\\Kuliah\\Smt 4\\PWL\\Coding PWL\\ecommerce-laravel-master-final\\ecommerce-laravel-master\\vendor\\laravel\\framework\\src\\Illuminate\\Session\\Middleware\\StartSession.php(121): Illuminate\\Pipeline\\Pipeline->Illuminate\\Pipeline\\{closure}(Object(Illuminate\\Http\\Request))
#28 D:\\Kuliah\\Smt 4\\PWL\\Coding PWL\\ecommerce-laravel-master-final\\ecommerce-laravel-master\\vendor\\laravel\\framework\\src\\Illuminate\\Session\\Middleware\\StartSession.php(64): Illuminate\\Session\\Middleware\\StartSession->handleStatefulRequest(Object(Illuminate\\Http\\Request), Object(Illuminate\\Session\\Store), Object(Closure))
#29 D:\\Kuliah\\Smt 4\\PWL\\Coding PWL\\ecommerce-laravel-master-final\\ecommerce-laravel-master\\vendor\\laravel\\framework\\src\\Illuminate\\Pipeline\\Pipeline.php(167): Illuminate\\Session\\Middleware\\StartSession->handle(Object(Illuminate\\Http\\Request), Object(Closure))
#30 D:\\Kuliah\\Smt 4\\PWL\\Coding PWL\\ecommerce-laravel-master-final\\ecommerce-laravel-master\\vendor\\laravel\\framework\\src\\Illuminate\\Cookie\\Middleware\\AddQueuedCookiesToResponse.php(37): Illuminate\\Pipeline\\Pipeline->Illuminate\\Pipeline\\{closure}(Object(Illuminate\\Http\\Request))
#31 D:\\Kuliah\\Smt 4\\PWL\\Coding PWL\\ecommerce-laravel-master-final\\ecommerce-laravel-master\\vendor\\laravel\\framework\\src\\Illuminate\\Pipeline\\Pipeline.php(167): Illuminate\\Cookie\\Middleware\\AddQueuedCookiesToResponse->handle(Object(Illuminate\\Http\\Request), Object(Closure))
#32 D:\\Kuliah\\Smt 4\\PWL\\Coding PWL\\ecommerce-laravel-master-final\\ecommerce-laravel-master\\vendor\\laravel\\framework\\src\\Illuminate\\Cookie\\Middleware\\EncryptCookies.php(67): Illuminate\\Pipeline\\Pipeline->Illuminate\\Pipeline\\{closure}(Object(Illuminate\\Http\\Request))
#33 D:\\Kuliah\\Smt 4\\PWL\\Coding PWL\\ecommerce-laravel-master-final\\ecommerce-laravel-master\\vendor\\laravel\\framework\\src\\Illuminate\\Pipeline\\Pipeline.php(167): Illuminate\\Cookie\\Middleware\\EncryptCookies->handle(Object(Illuminate\\Http\\Request), Object(Closure))
#34 D:\\Kuliah\\Smt 4\\PWL\\Coding PWL\\ecommerce-laravel-master-final\\ecommerce-laravel-master\\vendor\\laravel\\framework\\src\\Illuminate\\Pipeline\\Pipeline.php(103): Illuminate\\Pipeline\\Pipeline->Illuminate\\Pipeline\\{closure}(Object(Illuminate\\Http\\Request))
#35 D:\\Kuliah\\Smt 4\\PWL\\Coding PWL\\ecommerce-laravel-master-final\\ecommerce-laravel-master\\vendor\\laravel\\framework\\src\\Illuminate\\Routing\\Router.php(723): Illuminate\\Pipeline\\Pipeline->then(Object(Closure))
#36 D:\\Kuliah\\Smt 4\\PWL\\Coding PWL\\ecommerce-laravel-master-final\\ecommerce-laravel-master\\vendor\\laravel\\framework\\src\\Illuminate\\Routing\\Router.php(698): Illuminate\\Routing\\Router->runRouteWithinStack(Object(Illuminate\\Routing\\Route), Object(Illuminate\\Http\\Request))
#37 D:\\Kuliah\\Smt 4\\PWL\\Coding PWL\\ecommerce-laravel-master-final\\ecommerce-laravel-master\\vendor\\laravel\\framework\\src\\Illuminate\\Routing\\Router.php(662): Illuminate\\Routing\\Router->runRoute(Object(Illuminate\\Http\\Request), Object(Illuminate\\Routing\\Route))
#38 D:\\Kuliah\\Smt 4\\PWL\\Coding PWL\\ecommerce-laravel-master-final\\ecommerce-laravel-master\\vendor\\laravel\\framework\\src\\Illuminate\\Routing\\Router.php(651): Illuminate\\Routing\\Router->dispatchToRoute(Object(Illuminate\\Http\\Request))
#39 D:\\Kuliah\\Smt 4\\PWL\\Coding PWL\\ecommerce-laravel-master-final\\ecommerce-laravel-master\\vendor\\laravel\\framework\\src\\Illuminate\\Foundation\\Http\\Kernel.php(167): Illuminate\\Routing\\Router->dispatch(Object(Illuminate\\Http\\Request))
#40 D:\\Kuliah\\Smt 4\\PWL\\Coding PWL\\ecommerce-laravel-master-final\\ecommerce-laravel-master\\vendor\\laravel\\framework\\src\\Illuminate\\Pipeline\\Pipeline.php(128): Illuminate\\Foundation\\Http\\Kernel->Illuminate\\Foundation\\Http\\{closure}(Object(Illuminate\\Http\\Request))
#41 D:\\Kuliah\\Smt 4\\PWL\\Coding PWL\\ecommerce-laravel-master-final\\ecommerce-laravel-master\\vendor\\barryvdh\\laravel-debugbar\\src\\Middleware\\InjectDebugbar.php(67): Illuminate\\Pipeline\\Pipeline->Illuminate\\Pipeline\\{closure}(Object(Illuminate\\Http\\Request))
#42 D:\\Kuliah\\Smt 4\\PWL\\Coding PWL\\ecommerce-laravel-master-final\\ecommerce-laravel-master\\vendor\\laravel\\framework\\src\\Illuminate\\Pipeline\\Pipeline.php(167): Barryvdh\\Debugbar\\Middleware\\InjectDebugbar->handle(Object(Illuminate\\Http\\Request), Object(Closure))
#43 D:\\Kuliah\\Smt 4\\PWL\\Coding PWL\\ecommerce-laravel-master-final\\ecommerce-laravel-master\\vendor\\laravel\\framework\\src\\Illuminate\\Foundation\\Http\\Middleware\\TransformsRequest.php(21): Illuminate\\Pipeline\\Pipeline->Illuminate\\Pipeline\\{closure}(Object(Illuminate\\Http\\Request))
#44 D:\\Kuliah\\Smt 4\\PWL\\Coding PWL\\ecommerce-laravel-master-final\\ecommerce-laravel-master\\vendor\\laravel\\framework\\src\\Illuminate\\Foundation\\Http\\Middleware\\ConvertEmptyStringsToNull.php(31): Illuminate\\Foundation\\Http\\Middleware\\TransformsRequest->handle(Object(Illuminate\\Http\\Request), Object(Closure))
#45 D:\\Kuliah\\Smt 4\\PWL\\Coding PWL\\ecommerce-laravel-master-final\\ecommerce-laravel-master\\vendor\\laravel\\framework\\src\\Illuminate\\Pipeline\\Pipeline.php(167): Illuminate\\Foundation\\Http\\Middleware\\ConvertEmptyStringsToNull->handle(Object(Illuminate\\Http\\Request), Object(Closure))
#46 D:\\Kuliah\\Smt 4\\PWL\\Coding PWL\\ecommerce-laravel-master-final\\ecommerce-laravel-master\\vendor\\laravel\\framework\\src\\Illuminate\\Foundation\\Http\\Middleware\\TransformsRequest.php(21): Illuminate\\Pipeline\\Pipeline->Illuminate\\Pipeline\\{closure}(Object(Illuminate\\Http\\Request))
#47 D:\\Kuliah\\Smt 4\\PWL\\Coding PWL\\ecommerce-laravel-master-final\\ecommerce-laravel-master\\vendor\\laravel\\framework\\src\\Illuminate\\Foundation\\Http\\Middleware\\TrimStrings.php(40): Illuminate\\Foundation\\Http\\Middleware\\TransformsRequest->handle(Object(Illuminate\\Http\\Request), Object(Closure))
#48 D:\\Kuliah\\Smt 4\\PWL\\Coding PWL\\ecommerce-laravel-master-final\\ecommerce-laravel-master\\vendor\\laravel\\framework\\src\\Illuminate\\Pipeline\\Pipeline.php(167): Illuminate\\Foundation\\Http\\Middleware\\TrimStrings->handle(Object(Illuminate\\Http\\Request), Object(Closure))
#49 D:\\Kuliah\\Smt 4\\PWL\\Coding PWL\\ecommerce-laravel-master-final\\ecommerce-laravel-master\\vendor\\laravel\\framework\\src\\Illuminate\\Foundation\\Http\\Middleware\\ValidatePostSize.php(27): Illuminate\\Pipeline\\Pipeline->Illuminate\\Pipeline\\{closure}(Object(Illuminate\\Http\\Request))
#50 D:\\Kuliah\\Smt 4\\PWL\\Coding PWL\\ecommerce-laravel-master-final\\ecommerce-laravel-master\\vendor\\laravel\\framework\\src\\Illuminate\\Pipeline\\Pipeline.php(167): Illuminate\\Foundation\\Http\\Middleware\\ValidatePostSize->handle(Object(Illuminate\\Http\\Request), Object(Closure))
#51 D:\\Kuliah\\Smt 4\\PWL\\Coding PWL\\ecommerce-laravel-master-final\\ecommerce-laravel-master\\vendor\\laravel\\framework\\src\\Illuminate\\Foundation\\Http\\Middleware\\PreventRequestsDuringMaintenance.php(86): Illuminate\\Pipeline\\Pipeline->Illuminate\\Pipeline\\{closure}(Object(Illuminate\\Http\\Request))
#52 D:\\Kuliah\\Smt 4\\PWL\\Coding PWL\\ecommerce-laravel-master-final\\ecommerce-laravel-master\\vendor\\laravel\\framework\\src\\Illuminate\\Pipeline\\Pipeline.php(167): Illuminate\\Foundation\\Http\\Middleware\\PreventRequestsDuringMaintenance->handle(Object(Illuminate\\Http\\Request), Object(Closure))
#53 D:\\Kuliah\\Smt 4\\PWL\\Coding PWL\\ecommerce-laravel-master-final\\ecommerce-laravel-master\\vendor\\fideloper\\proxy\\src\\TrustProxies.php(57): Illuminate\\Pipeline\\Pipeline->Illuminate\\Pipeline\\{closure}(Object(Illuminate\\Http\\Request))
#54 D:\\Kuliah\\Smt 4\\PWL\\Coding PWL\\ecommerce-laravel-master-final\\ecommerce-laravel-master\\vendor\\laravel\\framework\\src\\Illuminate\\Pipeline\\Pipeline.php(167): Fideloper\\Proxy\\TrustProxies->handle(Object(Illuminate\\Http\\Request), Object(Closure))
#55 D:\\Kuliah\\Smt 4\\PWL\\Coding PWL\\ecommerce-laravel-master-final\\ecommerce-laravel-master\\vendor\\laravel\\framework\\src\\Illuminate\\Pipeline\\Pipeline.php(103): Illuminate\\Pipeline\\Pipeline->Illuminate\\Pipeline\\{closure}(Object(Illuminate\\Http\\Request))
#56 D:\\Kuliah\\Smt 4\\PWL\\Coding PWL\\ecommerce-laravel-master-final\\ecommerce-laravel-master\\vendor\\laravel\\framework\\src\\Illuminate\\Foundation\\Http\\Kernel.php(142): Illuminate\\Pipeline\\Pipeline->then(Object(Closure))
#57 D:\\Kuliah\\Smt 4\\PWL\\Coding PWL\\ecommerce-laravel-master-final\\ecommerce-laravel-master\\vendor\\laravel\\framework\\src\\Illuminate\\Foundation\\Http\\Kernel.php(111): Illuminate\\Foundation\\Http\\Kernel->sendRequestThroughRouter(Object(Illuminate\\Http\\Request))
#58 D:\\Kuliah\\Smt 4\\PWL\\Coding PWL\\ecommerce-laravel-master-final\\ecommerce-laravel-master\\public\\index.php(55): Illuminate\\Foundation\\Http\\Kernel->handle(Object(Illuminate\\Http\\Request))
#59 D:\\Kuliah\\Smt 4\\PWL\\Coding PWL\\ecommerce-laravel-master-final\\ecommerce-laravel-master\\server.php(21): require_once('D:\\\\Kuliah\\\\Smt 4...')
#60 {main}

[previous exception] [object] (Doctrine\\DBAL\\Driver\\PDO\\Exception(code: 23000): SQLSTATE[23000]: Integrity constraint violation: 1062 Duplicate entry 'Desktop PC' for key 'products_name_unique' at D:\\Kuliah\\Smt 4\\PWL\\Coding PWL\\ecommerce-laravel-master-final\\ecommerce-laravel-master\\vendor\\doctrine\\dbal\\lib\\Doctrine\\DBAL\\Driver\\PDO\\Exception.php:18)
[stacktrace]
#0 D:\\Kuliah\\Smt 4\\PWL\\Coding PWL\\ecommerce-laravel-master-final\\ecommerce-laravel-master\\vendor\\doctrine\\dbal\\lib\\Doctrine\\DBAL\\Driver\\PDOStatement.php(119): Doctrine\\DBAL\\Driver\\PDO\\Exception::new(Object(PDOException))
#1 D:\\Kuliah\\Smt 4\\PWL\\Coding PWL\\ecommerce-laravel-master-final\\ecommerce-laravel-master\\vendor\\laravel\\framework\\src\\Illuminate\\Database\\Connection.php(501): Doctrine\\DBAL\\Driver\\PDOStatement->execute()
#2 D:\\Kuliah\\Smt 4\\PWL\\Coding PWL\\ecommerce-laravel-master-final\\ecommerce-laravel-master\\vendor\\laravel\\framework\\src\\Illuminate\\Database\\Connection.php(705): Illuminate\\Database\\Connection->Illuminate\\Database\\{closure}('insert into `pr...', Array)
#3 D:\\Kuliah\\Smt 4\\PWL\\Coding PWL\\ecommerce-laravel-master-final\\ecommerce-laravel-master\\vendor\\laravel\\framework\\src\\Illuminate\\Database\\Connection.php(672): Illuminate\\Database\\Connection->runQueryCallback('insert into `pr...', Array, Object(Closure))
#4 D:\\Kuliah\\Smt 4\\PWL\\Coding PWL\\ecommerce-laravel-master-final\\ecommerce-laravel-master\\vendor\\laravel\\framework\\src\\Illuminate\\Database\\Connection.php(502): Illuminate\\Database\\Connection->run('insert into `pr...', Array, Object(Closure))
#5 D:\\Kuliah\\Smt 4\\PWL\\Coding PWL\\ecommerce-laravel-master-final\\ecommerce-laravel-master\\vendor\\laravel\\framework\\src\\Illuminate\\Database\\Connection.php(454): Illuminate\\Database\\Connection->statement('insert into `pr...', Array)
#6 D:\\Kuliah\\Smt 4\\PWL\\Coding PWL\\ecommerce-laravel-master-final\\ecommerce-laravel-master\\vendor\\laravel\\framework\\src\\Illuminate\\Database\\Query\\Processors\\Processor.php(32): Illuminate\\Database\\Connection->insert('insert into `pr...', Array)
#7 D:\\Kuliah\\Smt 4\\PWL\\Coding PWL\\ecommerce-laravel-master-final\\ecommerce-laravel-master\\vendor\\laravel\\framework\\src\\Illuminate\\Database\\Query\\Builder.php(3028): Illuminate\\Database\\Query\\Processors\\Processor->processInsertGetId(Object(Illuminate\\Database\\Query\\Builder), 'insert into `pr...', Array, 'id')
#8 D:\\Kuliah\\Smt 4\\PWL\\Coding PWL\\ecommerce-laravel-master-final\\ecommerce-laravel-master\\vendor\\laravel\\framework\\src\\Illuminate\\Database\\Eloquent\\Builder.php(1657): Illuminate\\Database\\Query\\Builder->insertGetId(Array, 'id')
#9 D:\\Kuliah\\Smt 4\\PWL\\Coding PWL\\ecommerce-laravel-master-final\\ecommerce-laravel-master\\vendor\\laravel\\framework\\src\\Illuminate\\Database\\Eloquent\\Model.php(1188): Illuminate\\Database\\Eloquent\\Builder->__call('insertGetId', Array)
#10 D:\\Kuliah\\Smt 4\\PWL\\Coding PWL\\ecommerce-laravel-master-final\\ecommerce-laravel-master\\vendor\\laravel\\framework\\src\\Illuminate\\Database\\Eloquent\\Model.php(1153): Illuminate\\Database\\Eloquent\\Model->insertAndSetId(Object(Illuminate\\Database\\Eloquent\\Builder), Array)
#11 D:\\Kuliah\\Smt 4\\PWL\\Coding PWL\\ecommerce-laravel-master-final\\ecommerce-laravel-master\\vendor\\laravel\\framework\\src\\Illuminate\\Database\\Eloquent\\Model.php(994): Illuminate\\Database\\Eloquent\\Model->performInsert(Object(Illuminate\\Database\\Eloquent\\Builder))
#12 D:\\Kuliah\\Smt 4\\PWL\\Coding PWL\\ecommerce-laravel-master-final\\ecommerce-laravel-master\\vendor\\tcg\\voyager\\src\\Http\\Controllers\\Controller.php(142): Illuminate\\Database\\Eloquent\\Model->save()
#13 D:\\Kuliah\\Smt 4\\PWL\\Coding PWL\\ecommerce-laravel-master-final\\ecommerce-laravel-master\\vendor\\tcg\\voyager\\src\\Http\\Controllers\\VoyagerBaseController.php(448): TCG\\Voyager\\Http\\Controllers\\Controller->insertUpdateData(Object(Illuminate\\Http\\Request), 'products', Object(Illuminate\\Database\\Eloquent\\Collection), Object(App\\Product))
#14 D:\\Kuliah\\Smt 4\\PWL\\Coding PWL\\ecommerce-laravel-master-final\\ecommerce-laravel-master\\vendor\\laravel\\framework\\src\\Illuminate\\Routing\\Controller.php(54): TCG\\Voyager\\Http\\Controllers\\VoyagerBaseController->store(Object(Illuminate\\Http\\Request))
#15 D:\\Kuliah\\Smt 4\\PWL\\Coding PWL\\ecommerce-laravel-master-final\\ecommerce-laravel-master\\vendor\\laravel\\framework\\src\\Illuminate\\Routing\\ControllerDispatcher.php(45): Illuminate\\Routing\\Controller->callAction('store', Array)
#16 D:\\Kuliah\\Smt 4\\PWL\\Coding PWL\\ecommerce-laravel-master-final\\ecommerce-laravel-master\\vendor\\laravel\\framework\\src\\Illuminate\\Routing\\Route.php(262): Illuminate\\Routing\\ControllerDispatcher->dispatch(Object(Illuminate\\Routing\\Route), Object(TCG\\Voyager\\Http\\Controllers\\VoyagerBaseController), 'store')
#17 D:\\Kuliah\\Smt 4\\PWL\\Coding PWL\\ecommerce-laravel-master-final\\ecommerce-laravel-master\\vendor\\laravel\\framework\\src\\Illuminate\\Routing\\Route.php(205): Illuminate\\Routing\\Route->runController()
#18 D:\\Kuliah\\Smt 4\\PWL\\Coding PWL\\ecommerce-laravel-master-final\\ecommerce-laravel-master\\vendor\\laravel\\framework\\src\\Illuminate\\Routing\\Router.php(721): Illuminate\\Routing\\Route->run()
#19 D:\\Kuliah\\Smt 4\\PWL\\Coding PWL\\ecommerce-laravel-master-final\\ecommerce-laravel-master\\vendor\\laravel\\framework\\src\\Illuminate\\Pipeline\\Pipeline.php(128): Illuminate\\Routing\\Router->Illuminate\\Routing\\{closure}(Object(Illuminate\\Http\\Request))
#20 D:\\Kuliah\\Smt 4\\PWL\\Coding PWL\\ecommerce-laravel-master-final\\ecommerce-laravel-master\\vendor\\tcg\\voyager\\src\\Http\\Middleware\\VoyagerAdminMiddleware.php(26): Illuminate\\Pipeline\\Pipeline->Illuminate\\Pipeline\\{closure}(Object(Illuminate\\Http\\Request))
#21 D:\\Kuliah\\Smt 4\\PWL\\Coding PWL\\ecommerce-laravel-master-final\\ecommerce-laravel-master\\vendor\\laravel\\framework\\src\\Illuminate\\Pipeline\\Pipeline.php(167): TCG\\Voyager\\Http\\Middleware\\VoyagerAdminMiddleware->handle(Object(Illuminate\\Http\\Request), Object(Closure))
#22 D:\\Kuliah\\Smt 4\\PWL\\Coding PWL\\ecommerce-laravel-master-final\\ecommerce-laravel-master\\app\\Http\\Middleware\\VisitsMiddleware.php(35): Illuminate\\Pipeline\\Pipeline->Illuminate\\Pipeline\\{closure}(Object(Illuminate\\Http\\Request))
#23 D:\\Kuliah\\Smt 4\\PWL\\Coding PWL\\ecommerce-laravel-master-final\\ecommerce-laravel-master\\vendor\\laravel\\framework\\src\\Illuminate\\Pipeline\\Pipeline.php(167): App\\Http\\Middleware\\VisitsMiddleware->handle(Object(Illuminate\\Http\\Request), Object(Closure))
#24 D:\\Kuliah\\Smt 4\\PWL\\Coding PWL\\ecommerce-laravel-master-final\\ecommerce-laravel-master\\vendor\\laravel\\framework\\src\\Illuminate\\Routing\\Middleware\\SubstituteBindings.php(50): Illuminate\\Pipeline\\Pipeline->Illuminate\\Pipeline\\{closure}(Object(Illuminate\\Http\\Request))
#25 D:\\Kuliah\\Smt 4\\PWL\\Coding PWL\\ecommerce-laravel-master-final\\ecommerce-laravel-master\\vendor\\laravel\\framework\\src\\Illuminate\\Pipeline\\Pipeline.php(167): Illuminate\\Routing\\Middleware\\SubstituteBindings->handle(Object(Illuminate\\Http\\Request), Object(Closure))
#26 D:\\Kuliah\\Smt 4\\PWL\\Coding PWL\\ecommerce-laravel-master-final\\ecommerce-laravel-master\\vendor\\laravel\\framework\\src\\Illuminate\\Foundation\\Http\\Middleware\\VerifyCsrfToken.php(78): Illuminate\\Pipeline\\Pipeline->Illuminate\\Pipeline\\{closure}(Object(Illuminate\\Http\\Request))
#27 D:\\Kuliah\\Smt 4\\PWL\\Coding PWL\\ecommerce-laravel-master-final\\ecommerce-laravel-master\\vendor\\laravel\\framework\\src\\Illuminate\\Pipeline\\Pipeline.php(167): Illuminate\\Foundation\\Http\\Middleware\\VerifyCsrfToken->handle(Object(Illuminate\\Http\\Request), Object(Closure))
#28 D:\\Kuliah\\Smt 4\\PWL\\Coding PWL\\ecommerce-laravel-master-final\\ecommerce-laravel-master\\vendor\\laravel\\framework\\src\\Illuminate\\View\\Middleware\\ShareErrorsFromSession.php(49): Illuminate\\Pipeline\\Pipeline->Illuminate\\Pipeline\\{closure}(Object(Illuminate\\Http\\Request))
#29 D:\\Kuliah\\Smt 4\\PWL\\Coding PWL\\ecommerce-laravel-master-final\\ecommerce-laravel-master\\vendor\\laravel\\framework\\src\\Illuminate\\Pipeline\\Pipeline.php(167): Illuminate\\View\\Middleware\\ShareErrorsFromSession->handle(Object(Illuminate\\Http\\Request), Object(Closure))
#30 D:\\Kuliah\\Smt 4\\PWL\\Coding PWL\\ecommerce-laravel-master-final\\ecommerce-laravel-master\\vendor\\laravel\\framework\\src\\Illuminate\\Session\\Middleware\\StartSession.php(121): Illuminate\\Pipeline\\Pipeline->Illuminate\\Pipeline\\{closure}(Object(Illuminate\\Http\\Request))
#31 D:\\Kuliah\\Smt 4\\PWL\\Coding PWL\\ecommerce-laravel-master-final\\ecommerce-laravel-master\\vendor\\laravel\\framework\\src\\Illuminate\\Session\\Middleware\\StartSession.php(64): Illuminate\\Session\\Middleware\\StartSession->handleStatefulRequest(Object(Illuminate\\Http\\Request), Object(Illuminate\\Session\\Store), Object(Closure))
#32 D:\\Kuliah\\Smt 4\\PWL\\Coding PWL\\ecommerce-laravel-master-final\\ecommerce-laravel-master\\vendor\\laravel\\framework\\src\\Illuminate\\Pipeline\\Pipeline.php(167): Illuminate\\Session\\Middleware\\StartSession->handle(Object(Illuminate\\Http\\Request), Object(Closure))
#33 D:\\Kuliah\\Smt 4\\PWL\\Coding PWL\\ecommerce-laravel-master-final\\ecommerce-laravel-master\\vendor\\laravel\\framework\\src\\Illuminate\\Cookie\\Middleware\\AddQueuedCookiesToResponse.php(37): Illuminate\\Pipeline\\Pipeline->Illuminate\\Pipeline\\{closure}(Object(Illuminate\\Http\\Request))
#34 D:\\Kuliah\\Smt 4\\PWL\\Coding PWL\\ecommerce-laravel-master-final\\ecommerce-laravel-master\\vendor\\laravel\\framework\\src\\Illuminate\\Pipeline\\Pipeline.php(167): Illuminate\\Cookie\\Middleware\\AddQueuedCookiesToResponse->handle(Object(Illuminate\\Http\\Request), Object(Closure))
#35 D:\\Kuliah\\Smt 4\\PWL\\Coding PWL\\ecommerce-laravel-master-final\\ecommerce-laravel-master\\vendor\\laravel\\framework\\src\\Illuminate\\Cookie\\Middleware\\EncryptCookies.php(67): Illuminate\\Pipeline\\Pipeline->Illuminate\\Pipeline\\{closure}(Object(Illuminate\\Http\\Request))
#36 D:\\Kuliah\\Smt 4\\PWL\\Coding PWL\\ecommerce-laravel-master-final\\ecommerce-laravel-master\\vendor\\laravel\\framework\\src\\Illuminate\\Pipeline\\Pipeline.php(167): Illuminate\\Cookie\\Middleware\\EncryptCookies->handle(Object(Illuminate\\Http\\Request), Object(Closure))
#37 D:\\Kuliah\\Smt 4\\PWL\\Coding PWL\\ecommerce-laravel-master-final\\ecommerce-laravel-master\\vendor\\laravel\\framework\\src\\Illuminate\\Pipeline\\Pipeline.php(103): Illuminate\\Pipeline\\Pipeline->Illuminate\\Pipeline\\{closure}(Object(Illuminate\\Http\\Request))
#38 D:\\Kuliah\\Smt 4\\PWL\\Coding PWL\\ecommerce-laravel-master-final\\ecommerce-laravel-master\\vendor\\laravel\\framework\\src\\Illuminate\\Routing\\Router.php(723): Illuminate\\Pipeline\\Pipeline->then(Object(Closure))
#39 D:\\Kuliah\\Smt 4\\PWL\\Coding PWL\\ecommerce-laravel-master-final\\ecommerce-laravel-master\\vendor\\laravel\\framework\\src\\Illuminate\\Routing\\Router.php(698): Illuminate\\Routing\\Router->runRouteWithinStack(Object(Illuminate\\Routing\\Route), Object(Illuminate\\Http\\Request))
#40 D:\\Kuliah\\Smt 4\\PWL\\Coding PWL\\ecommerce-laravel-master-final\\ecommerce-laravel-master\\vendor\\laravel\\framework\\src\\Illuminate\\Routing\\Router.php(662): Illuminate\\Routing\\Router->runRoute(Object(Illuminate\\Http\\Request), Object(Illuminate\\Routing\\Route))
#41 D:\\Kuliah\\Smt 4\\PWL\\Coding PWL\\ecommerce-laravel-master-final\\ecommerce-laravel-master\\vendor\\laravel\\framework\\src\\Illuminate\\Routing\\Router.php(651): Illuminate\\Routing\\Router->dispatchToRoute(Object(Illuminate\\Http\\Request))
#42 D:\\Kuliah\\Smt 4\\PWL\\Coding PWL\\ecommerce-laravel-master-final\\ecommerce-laravel-master\\vendor\\laravel\\framework\\src\\Illuminate\\Foundation\\Http\\Kernel.php(167): Illuminate\\Routing\\Router->dispatch(Object(Illuminate\\Http\\Request))
#43 D:\\Kuliah\\Smt 4\\PWL\\Coding PWL\\ecommerce-laravel-master-final\\ecommerce-laravel-master\\vendor\\laravel\\framework\\src\\Illuminate\\Pipeline\\Pipeline.php(128): Illuminate\\Foundation\\Http\\Kernel->Illuminate\\Foundation\\Http\\{closure}(Object(Illuminate\\Http\\Request))
#44 D:\\Kuliah\\Smt 4\\PWL\\Coding PWL\\ecommerce-laravel-master-final\\ecommerce-laravel-master\\vendor\\barryvdh\\laravel-debugbar\\src\\Middleware\\InjectDebugbar.php(67): Illuminate\\Pipeline\\Pipeline->Illuminate\\Pipeline\\{closure}(Object(Illuminate\\Http\\Request))
#45 D:\\Kuliah\\Smt 4\\PWL\\Coding PWL\\ecommerce-laravel-master-final\\ecommerce-laravel-master\\vendor\\laravel\\framework\\src\\Illuminate\\Pipeline\\Pipeline.php(167): Barryvdh\\Debugbar\\Middleware\\InjectDebugbar->handle(Object(Illuminate\\Http\\Request), Object(Closure))
#46 D:\\Kuliah\\Smt 4\\PWL\\Coding PWL\\ecommerce-laravel-master-final\\ecommerce-laravel-master\\vendor\\laravel\\framework\\src\\Illuminate\\Foundation\\Http\\Middleware\\TransformsRequest.php(21): Illuminate\\Pipeline\\Pipeline->Illuminate\\Pipeline\\{closure}(Object(Illuminate\\Http\\Request))
#47 D:\\Kuliah\\Smt 4\\PWL\\Coding PWL\\ecommerce-laravel-master-final\\ecommerce-laravel-master\\vendor\\laravel\\framework\\src\\Illuminate\\Foundation\\Http\\Middleware\\ConvertEmptyStringsToNull.php(31): Illuminate\\Foundation\\Http\\Middleware\\TransformsRequest->handle(Object(Illuminate\\Http\\Request), Object(Closure))
#48 D:\\Kuliah\\Smt 4\\PWL\\Coding PWL\\ecommerce-laravel-master-final\\ecommerce-laravel-master\\vendor\\laravel\\framework\\src\\Illuminate\\Pipeline\\Pipeline.php(167): Illuminate\\Foundation\\Http\\Middleware\\ConvertEmptyStringsToNull->handle(Object(Illuminate\\Http\\Request), Object(Closure))
#49 D:\\Kuliah\\Smt 4\\PWL\\Coding PWL\\ecommerce-laravel-master-final\\ecommerce-laravel-master\\vendor\\laravel\\framework\\src\\Illuminate\\Foundation\\Http\\Middleware\\TransformsRequest.php(21): Illuminate\\Pipeline\\Pipeline->Illuminate\\Pipeline\\{closure}(Object(Illuminate\\Http\\Request))
#50 D:\\Kuliah\\Smt 4\\PWL\\Coding PWL\\ecommerce-laravel-master-final\\ecommerce-laravel-master\\vendor\\laravel\\framework\\src\\Illuminate\\Foundation\\Http\\Middleware\\TrimStrings.php(40): Illuminate\\Foundation\\Http\\Middleware\\TransformsRequest->handle(Object(Illuminate\\Http\\Request), Object(Closure))
#51 D:\\Kuliah\\Smt 4\\PWL\\Coding PWL\\ecommerce-laravel-master-final\\ecommerce-laravel-master\\vendor\\laravel\\framework\\src\\Illuminate\\Pipeline\\Pipeline.php(167): Illuminate\\Foundation\\Http\\Middleware\\TrimStrings->handle(Object(Illuminate\\Http\\Request), Object(Closure))
#52 D:\\Kuliah\\Smt 4\\PWL\\Coding PWL\\ecommerce-laravel-master-final\\ecommerce-laravel-master\\vendor\\laravel\\framework\\src\\Illuminate\\Foundation\\Http\\Middleware\\ValidatePostSize.php(27): Illuminate\\Pipeline\\Pipeline->Illuminate\\Pipeline\\{closure}(Object(Illuminate\\Http\\Request))
#53 D:\\Kuliah\\Smt 4\\PWL\\Coding PWL\\ecommerce-laravel-master-final\\ecommerce-laravel-master\\vendor\\laravel\\framework\\src\\Illuminate\\Pipeline\\Pipeline.php(167): Illuminate\\Foundation\\Http\\Middleware\\ValidatePostSize->handle(Object(Illuminate\\Http\\Request), Object(Closure))
#54 D:\\Kuliah\\Smt 4\\PWL\\Coding PWL\\ecommerce-laravel-master-final\\ecommerce-laravel-master\\vendor\\laravel\\framework\\src\\Illuminate\\Foundation\\Http\\Middleware\\PreventRequestsDuringMaintenance.php(86): Illuminate\\Pipeline\\Pipeline->Illuminate\\Pipeline\\{closure}(Object(Illuminate\\Http\\Request))
#55 D:\\Kuliah\\Smt 4\\PWL\\Coding PWL\\ecommerce-laravel-master-final\\ecommerce-laravel-master\\vendor\\laravel\\framework\\src\\Illuminate\\Pipeline\\Pipeline.php(167): Illuminate\\Foundation\\Http\\Middleware\\PreventRequestsDuringMaintenance->handle(Object(Illuminate\\Http\\Request), Object(Closure))
#56 D:\\Kuliah\\Smt 4\\PWL\\Coding PWL\\ecommerce-laravel-master-final\\ecommerce-laravel-master\\vendor\\fideloper\\proxy\\src\\TrustProxies.php(57): Illuminate\\Pipeline\\Pipeline->Illuminate\\Pipeline\\{closure}(Object(Illuminate\\Http\\Request))
#57 D:\\Kuliah\\Smt 4\\PWL\\Coding PWL\\ecommerce-laravel-master-final\\ecommerce-laravel-master\\vendor\\laravel\\framework\\src\\Illuminate\\Pipeline\\Pipeline.php(167): Fideloper\\Proxy\\TrustProxies->handle(Object(Illuminate\\Http\\Request), Object(Closure))
#58 D:\\Kuliah\\Smt 4\\PWL\\Coding PWL\\ecommerce-laravel-master-final\\ecommerce-laravel-master\\vendor\\laravel\\framework\\src\\Illuminate\\Pipeline\\Pipeline.php(103): Illuminate\\Pipeline\\Pipeline->Illuminate\\Pipeline\\{closure}(Object(Illuminate\\Http\\Request))
#59 D:\\Kuliah\\Smt 4\\PWL\\Coding PWL\\ecommerce-laravel-master-final\\ecommerce-laravel-master\\vendor\\laravel\\framework\\src\\Illuminate\\Foundation\\Http\\Kernel.php(142): Illuminate\\Pipeline\\Pipeline->then(Object(Closure))
#60 D:\\Kuliah\\Smt 4\\PWL\\Coding PWL\\ecommerce-laravel-master-final\\ecommerce-laravel-master\\vendor\\laravel\\framework\\src\\Illuminate\\Foundation\\Http\\Kernel.php(111): Illuminate\\Foundation\\Http\\Kernel->sendRequestThroughRouter(Object(Illuminate\\Http\\Request))
#61 D:\\Kuliah\\Smt 4\\PWL\\Coding PWL\\ecommerce-laravel-master-final\\ecommerce-laravel-master\\public\\index.php(55): Illuminate\\Foundation\\Http\\Kernel->handle(Object(Illuminate\\Http\\Request))
#62 D:\\Kuliah\\Smt 4\\PWL\\Coding PWL\\ecommerce-laravel-master-final\\ecommerce-laravel-master\\server.php(21): require_once('D:\\\\Kuliah\\\\Smt 4...')
#63 {main}

[previous exception] [object] (PDOException(code: 23000): SQLSTATE[23000]: Integrity constraint violation: 1062 Duplicate entry 'Desktop PC' for key 'products_name_unique' at D:\\Kuliah\\Smt 4\\PWL\\Coding PWL\\ecommerce-laravel-master-final\\ecommerce-laravel-master\\vendor\\doctrine\\dbal\\lib\\Doctrine\\DBAL\\Driver\\PDOStatement.php:117)
[stacktrace]
#0 D:\\Kuliah\\Smt 4\\PWL\\Coding PWL\\ecommerce-laravel-master-final\\ecommerce-laravel-master\\vendor\\doctrine\\dbal\\lib\\Doctrine\\DBAL\\Driver\\PDOStatement.php(117): PDOStatement->execute(NULL)
#1 D:\\Kuliah\\Smt 4\\PWL\\Coding PWL\\ecommerce-laravel-master-final\\ecommerce-laravel-master\\vendor\\laravel\\framework\\src\\Illuminate\\Database\\Connection.php(501): Doctrine\\DBAL\\Driver\\PDOStatement->execute()
#2 D:\\Kuliah\\Smt 4\\PWL\\Coding PWL\\ecommerce-laravel-master-final\\ecommerce-laravel-master\\vendor\\laravel\\framework\\src\\Illuminate\\Database\\Connection.php(705): Illuminate\\Database\\Connection->Illuminate\\Database\\{closure}('insert into `pr...', Array)
#3 D:\\Kuliah\\Smt 4\\PWL\\Coding PWL\\ecommerce-laravel-master-final\\ecommerce-laravel-master\\vendor\\laravel\\framework\\src\\Illuminate\\Database\\Connection.php(672): Illuminate\\Database\\Connection->runQueryCallback('insert into `pr...', Array, Object(Closure))
#4 D:\\Kuliah\\Smt 4\\PWL\\Coding PWL\\ecommerce-laravel-master-final\\ecommerce-laravel-master\\vendor\\laravel\\framework\\src\\Illuminate\\Database\\Connection.php(502): Illuminate\\Database\\Connection->run('insert into `pr...', Array, Object(Closure))
#5 D:\\Kuliah\\Smt 4\\PWL\\Coding PWL\\ecommerce-laravel-master-final\\ecommerce-laravel-master\\vendor\\laravel\\framework\\src\\Illuminate\\Database\\Connection.php(454): Illuminate\\Database\\Connection->statement('insert into `pr...', Array)
#6 D:\\Kuliah\\Smt 4\\PWL\\Coding PWL\\ecommerce-laravel-master-final\\ecommerce-laravel-master\\vendor\\laravel\\framework\\src\\Illuminate\\Database\\Query\\Processors\\Processor.php(32): Illuminate\\Database\\Connection->insert('insert into `pr...', Array)
#7 D:\\Kuliah\\Smt 4\\PWL\\Coding PWL\\ecommerce-laravel-master-final\\ecommerce-laravel-master\\vendor\\laravel\\framework\\src\\Illuminate\\Database\\Query\\Builder.php(3028): Illuminate\\Database\\Query\\Processors\\Processor->processInsertGetId(Object(Illuminate\\Database\\Query\\Builder), 'insert into `pr...', Array, 'id')
#8 D:\\Kuliah\\Smt 4\\PWL\\Coding PWL\\ecommerce-laravel-master-final\\ecommerce-laravel-master\\vendor\\laravel\\framework\\src\\Illuminate\\Database\\Eloquent\\Builder.php(1657): Illuminate\\Database\\Query\\Builder->insertGetId(Array, 'id')
#9 D:\\Kuliah\\Smt 4\\PWL\\Coding PWL\\ecommerce-laravel-master-final\\ecommerce-laravel-master\\vendor\\laravel\\framework\\src\\Illuminate\\Database\\Eloquent\\Model.php(1188): Illuminate\\Database\\Eloquent\\Builder->__call('insertGetId', Array)
#10 D:\\Kuliah\\Smt 4\\PWL\\Coding PWL\\ecommerce-laravel-master-final\\ecommerce-laravel-master\\vendor\\laravel\\framework\\src\\Illuminate\\Database\\Eloquent\\Model.php(1153): Illuminate\\Database\\Eloquent\\Model->insertAndSetId(Object(Illuminate\\Database\\Eloquent\\Builder), Array)
#11 D:\\Kuliah\\Smt 4\\PWL\\Coding PWL\\ecommerce-laravel-master-final\\ecommerce-laravel-master\\vendor\\laravel\\framework\\src\\Illuminate\\Database\\Eloquent\\Model.php(994): Illuminate\\Database\\Eloquent\\Model->performInsert(Object(Illuminate\\Database\\Eloquent\\Builder))
#12 D:\\Kuliah\\Smt 4\\PWL\\Coding PWL\\ecommerce-laravel-master-final\\ecommerce-laravel-master\\vendor\\tcg\\voyager\\src\\Http\\Controllers\\Controller.php(142): Illuminate\\Database\\Eloquent\\Model->save()
#13 D:\\Kuliah\\Smt 4\\PWL\\Coding PWL\\ecommerce-laravel-master-final\\ecommerce-laravel-master\\vendor\\tcg\\voyager\\src\\Http\\Controllers\\VoyagerBaseController.php(448): TCG\\Voyager\\Http\\Controllers\\Controller->insertUpdateData(Object(Illuminate\\Http\\Request), 'products', Object(Illuminate\\Database\\Eloquent\\Collection), Object(App\\Product))
#14 D:\\Kuliah\\Smt 4\\PWL\\Coding PWL\\ecommerce-laravel-master-final\\ecommerce-laravel-master\\vendor\\laravel\\framework\\src\\Illuminate\\Routing\\Controller.php(54): TCG\\Voyager\\Http\\Controllers\\VoyagerBaseController->store(Object(Illuminate\\Http\\Request))
#15 D:\\Kuliah\\Smt 4\\PWL\\Coding PWL\\ecommerce-laravel-master-final\\ecommerce-laravel-master\\vendor\\laravel\\framework\\src\\Illuminate\\Routing\\ControllerDispatcher.php(45): Illuminate\\Routing\\Controller->callAction('store', Array)
#16 D:\\Kuliah\\Smt 4\\PWL\\Coding PWL\\ecommerce-laravel-master-final\\ecommerce-laravel-master\\vendor\\laravel\\framework\\src\\Illuminate\\Routing\\Route.php(262): Illuminate\\Routing\\ControllerDispatcher->dispatch(Object(Illuminate\\Routing\\Route), Object(TCG\\Voyager\\Http\\Controllers\\VoyagerBaseController), 'store')
#17 D:\\Kuliah\\Smt 4\\PWL\\Coding PWL\\ecommerce-laravel-master-final\\ecommerce-laravel-master\\vendor\\laravel\\framework\\src\\Illuminate\\Routing\\Route.php(205): Illuminate\\Routing\\Route->runController()
#18 D:\\Kuliah\\Smt 4\\PWL\\Coding PWL\\ecommerce-laravel-master-final\\ecommerce-laravel-master\\vendor\\laravel\\framework\\src\\Illuminate\\Routing\\Router.php(721): Illuminate\\Routing\\Route->run()
#19 D:\\Kuliah\\Smt 4\\PWL\\Coding PWL\\ecommerce-laravel-master-final\\ecommerce-laravel-master\\vendor\\laravel\\framework\\src\\Illuminate\\Pipeline\\Pipeline.php(128): Illuminate\\Routing\\Router->Illuminate\\Routing\\{closure}(Object(Illuminate\\Http\\Request))
#20 D:\\Kuliah\\Smt 4\\PWL\\Coding PWL\\ecommerce-laravel-master-final\\ecommerce-laravel-master\\vendor\\tcg\\voyager\\src\\Http\\Middleware\\VoyagerAdminMiddleware.php(26): Illuminate\\Pipeline\\Pipeline->Illuminate\\Pipeline\\{closure}(Object(Illuminate\\Http\\Request))
#21 D:\\Kuliah\\Smt 4\\PWL\\Coding PWL\\ecommerce-laravel-master-final\\ecommerce-laravel-master\\vendor\\laravel\\framework\\src\\Illuminate\\Pipeline\\Pipeline.php(167): TCG\\Voyager\\Http\\Middleware\\VoyagerAdminMiddleware->handle(Object(Illuminate\\Http\\Request), Object(Closure))
#22 D:\\Kuliah\\Smt 4\\PWL\\Coding PWL\\ecommerce-laravel-master-final\\ecommerce-laravel-master\\app\\Http\\Middleware\\VisitsMiddleware.php(35): Illuminate\\Pipeline\\Pipeline->Illuminate\\Pipeline\\{closure}(Object(Illuminate\\Http\\Request))
#23 D:\\Kuliah\\Smt 4\\PWL\\Coding PWL\\ecommerce-laravel-master-final\\ecommerce-laravel-master\\vendor\\laravel\\framework\\src\\Illuminate\\Pipeline\\Pipeline.php(167): App\\Http\\Middleware\\VisitsMiddleware->handle(Object(Illuminate\\Http\\Request), Object(Closure))
#24 D:\\Kuliah\\Smt 4\\PWL\\Coding PWL\\ecommerce-laravel-master-final\\ecommerce-laravel-master\\vendor\\laravel\\framework\\src\\Illuminate\\Routing\\Middleware\\SubstituteBindings.php(50): Illuminate\\Pipeline\\Pipeline->Illuminate\\Pipeline\\{closure}(Object(Illuminate\\Http\\Request))
#25 D:\\Kuliah\\Smt 4\\PWL\\Coding PWL\\ecommerce-laravel-master-final\\ecommerce-laravel-master\\vendor\\laravel\\framework\\src\\Illuminate\\Pipeline\\Pipeline.php(167): Illuminate\\Routing\\Middleware\\SubstituteBindings->handle(Object(Illuminate\\Http\\Request), Object(Closure))
#26 D:\\Kuliah\\Smt 4\\PWL\\Coding PWL\\ecommerce-laravel-master-final\\ecommerce-laravel-master\\vendor\\laravel\\framework\\src\\Illuminate\\Foundation\\Http\\Middleware\\VerifyCsrfToken.php(78): Illuminate\\Pipeline\\Pipeline->Illuminate\\Pipeline\\{closure}(Object(Illuminate\\Http\\Request))
#27 D:\\Kuliah\\Smt 4\\PWL\\Coding PWL\\ecommerce-laravel-master-final\\ecommerce-laravel-master\\vendor\\laravel\\framework\\src\\Illuminate\\Pipeline\\Pipeline.php(167): Illuminate\\Foundation\\Http\\Middleware\\VerifyCsrfToken->handle(Object(Illuminate\\Http\\Request), Object(Closure))
#28 D:\\Kuliah\\Smt 4\\PWL\\Coding PWL\\ecommerce-laravel-master-final\\ecommerce-laravel-master\\vendor\\laravel\\framework\\src\\Illuminate\\View\\Middleware\\ShareErrorsFromSession.php(49): Illuminate\\Pipeline\\Pipeline->Illuminate\\Pipeline\\{closure}(Object(Illuminate\\Http\\Request))
#29 D:\\Kuliah\\Smt 4\\PWL\\Coding PWL\\ecommerce-laravel-master-final\\ecommerce-laravel-master\\vendor\\laravel\\framework\\src\\Illuminate\\Pipeline\\Pipeline.php(167): Illuminate\\View\\Middleware\\ShareErrorsFromSession->handle(Object(Illuminate\\Http\\Request), Object(Closure))
#30 D:\\Kuliah\\Smt 4\\PWL\\Coding PWL\\ecommerce-laravel-master-final\\ecommerce-laravel-master\\vendor\\laravel\\framework\\src\\Illuminate\\Session\\Middleware\\StartSession.php(121): Illuminate\\Pipeline\\Pipeline->Illuminate\\Pipeline\\{closure}(Object(Illuminate\\Http\\Request))
#31 D:\\Kuliah\\Smt 4\\PWL\\Coding PWL\\ecommerce-laravel-master-final\\ecommerce-laravel-master\\vendor\\laravel\\framework\\src\\Illuminate\\Session\\Middleware\\StartSession.php(64): Illuminate\\Session\\Middleware\\StartSession->handleStatefulRequest(Object(Illuminate\\Http\\Request), Object(Illuminate\\Session\\Store), Object(Closure))
#32 D:\\Kuliah\\Smt 4\\PWL\\Coding PWL\\ecommerce-laravel-master-final\\ecommerce-laravel-master\\vendor\\laravel\\framework\\src\\Illuminate\\Pipeline\\Pipeline.php(167): Illuminate\\Session\\Middleware\\StartSession->handle(Object(Illuminate\\Http\\Request), Object(Closure))
#33 D:\\Kuliah\\Smt 4\\PWL\\Coding PWL\\ecommerce-laravel-master-final\\ecommerce-laravel-master\\vendor\\laravel\\framework\\src\\Illuminate\\Cookie\\Middleware\\AddQueuedCookiesToResponse.php(37): Illuminate\\Pipeline\\Pipeline->Illuminate\\Pipeline\\{closure}(Object(Illuminate\\Http\\Request))
#34 D:\\Kuliah\\Smt 4\\PWL\\Coding PWL\\ecommerce-laravel-master-final\\ecommerce-laravel-master\\vendor\\laravel\\framework\\src\\Illuminate\\Pipeline\\Pipeline.php(167): Illuminate\\Cookie\\Middleware\\AddQueuedCookiesToResponse->handle(Object(Illuminate\\Http\\Request), Object(Closure))
#35 D:\\Kuliah\\Smt 4\\PWL\\Coding PWL\\ecommerce-laravel-master-final\\ecommerce-laravel-master\\vendor\\laravel\\framework\\src\\Illuminate\\Cookie\\Middleware\\EncryptCookies.php(67): Illuminate\\Pipeline\\Pipeline->Illuminate\\Pipeline\\{closure}(Object(Illuminate\\Http\\Request))
#36 D:\\Kuliah\\Smt 4\\PWL\\Coding PWL\\ecommerce-laravel-master-final\\ecommerce-laravel-master\\vendor\\laravel\\framework\\src\\Illuminate\\Pipeline\\Pipeline.php(167): Illuminate\\Cookie\\Middleware\\EncryptCookies->handle(Object(Illuminate\\Http\\Request), Object(Closure))
#37 D:\\Kuliah\\Smt 4\\PWL\\Coding PWL\\ecommerce-laravel-master-final\\ecommerce-laravel-master\\vendor\\laravel\\framework\\src\\Illuminate\\Pipeline\\Pipeline.php(103): Illuminate\\Pipeline\\Pipeline->Illuminate\\Pipeline\\{closure}(Object(Illuminate\\Http\\Request))
#38 D:\\Kuliah\\Smt 4\\PWL\\Coding PWL\\ecommerce-laravel-master-final\\ecommerce-laravel-master\\vendor\\laravel\\framework\\src\\Illuminate\\Routing\\Router.php(723): Illuminate\\Pipeline\\Pipeline->then(Object(Closure))
#39 D:\\Kuliah\\Smt 4\\PWL\\Coding PWL\\ecommerce-laravel-master-final\\ecommerce-laravel-master\\vendor\\laravel\\framework\\src\\Illuminate\\Routing\\Router.php(698): Illuminate\\Routing\\Router->runRouteWithinStack(Object(Illuminate\\Routing\\Route), Object(Illuminate\\Http\\Request))
#40 D:\\Kuliah\\Smt 4\\PWL\\Coding PWL\\ecommerce-laravel-master-final\\ecommerce-laravel-master\\vendor\\laravel\\framework\\src\\Illuminate\\Routing\\Router.php(662): Illuminate\\Routing\\Router->runRoute(Object(Illuminate\\Http\\Request), Object(Illuminate\\Routing\\Route))
#41 D:\\Kuliah\\Smt 4\\PWL\\Coding PWL\\ecommerce-laravel-master-final\\ecommerce-laravel-master\\vendor\\laravel\\framework\\src\\Illuminate\\Routing\\Router.php(651): Illuminate\\Routing\\Router->dispatchToRoute(Object(Illuminate\\Http\\Request))
#42 D:\\Kuliah\\Smt 4\\PWL\\Coding PWL\\ecommerce-laravel-master-final\\ecommerce-laravel-master\\vendor\\laravel\\framework\\src\\Illuminate\\Foundation\\Http\\Kernel.php(167): Illuminate\\Routing\\Router->dispatch(Object(Illuminate\\Http\\Request))
#43 D:\\Kuliah\\Smt 4\\PWL\\Coding PWL\\ecommerce-laravel-master-final\\ecommerce-laravel-master\\vendor\\laravel\\framework\\src\\Illuminate\\Pipeline\\Pipeline.php(128): Illuminate\\Foundation\\Http\\Kernel->Illuminate\\Foundation\\Http\\{closure}(Object(Illuminate\\Http\\Request))
#44 D:\\Kuliah\\Smt 4\\PWL\\Coding PWL\\ecommerce-laravel-master-final\\ecommerce-laravel-master\\vendor\\barryvdh\\laravel-debugbar\\src\\Middleware\\InjectDebugbar.php(67): Illuminate\\Pipeline\\Pipeline->Illuminate\\Pipeline\\{closure}(Object(Illuminate\\Http\\Request))
#45 D:\\Kuliah\\Smt 4\\PWL\\Coding PWL\\ecommerce-laravel-master-final\\ecommerce-laravel-master\\vendor\\laravel\\framework\\src\\Illuminate\\Pipeline\\Pipeline.php(167): Barryvdh\\Debugbar\\Middleware\\InjectDebugbar->handle(Object(Illuminate\\Http\\Request), Object(Closure))
#46 D:\\Kuliah\\Smt 4\\PWL\\Coding PWL\\ecommerce-laravel-master-final\\ecommerce-laravel-master\\vendor\\laravel\\framework\\src\\Illuminate\\Foundation\\Http\\Middleware\\TransformsRequest.php(21): Illuminate\\Pipeline\\Pipeline->Illuminate\\Pipeline\\{closure}(Object(Illuminate\\Http\\Request))
#47 D:\\Kuliah\\Smt 4\\PWL\\Coding PWL\\ecommerce-laravel-master-final\\ecommerce-laravel-master\\vendor\\laravel\\framework\\src\\Illuminate\\Foundation\\Http\\Middleware\\ConvertEmptyStringsToNull.php(31): Illuminate\\Foundation\\Http\\Middleware\\TransformsRequest->handle(Object(Illuminate\\Http\\Request), Object(Closure))
#48 D:\\Kuliah\\Smt 4\\PWL\\Coding PWL\\ecommerce-laravel-master-final\\ecommerce-laravel-master\\vendor\\laravel\\framework\\src\\Illuminate\\Pipeline\\Pipeline.php(167): Illuminate\\Foundation\\Http\\Middleware\\ConvertEmptyStringsToNull->handle(Object(Illuminate\\Http\\Request), Object(Closure))
#49 D:\\Kuliah\\Smt 4\\PWL\\Coding PWL\\ecommerce-laravel-master-final\\ecommerce-laravel-master\\vendor\\laravel\\framework\\src\\Illuminate\\Foundation\\Http\\Middleware\\TransformsRequest.php(21): Illuminate\\Pipeline\\Pipeline->Illuminate\\Pipeline\\{closure}(Object(Illuminate\\Http\\Request))
#50 D:\\Kuliah\\Smt 4\\PWL\\Coding PWL\\ecommerce-laravel-master-final\\ecommerce-laravel-master\\vendor\\laravel\\framework\\src\\Illuminate\\Foundation\\Http\\Middleware\\TrimStrings.php(40): Illuminate\\Foundation\\Http\\Middleware\\TransformsRequest->handle(Object(Illuminate\\Http\\Request), Object(Closure))
#51 D:\\Kuliah\\Smt 4\\PWL\\Coding PWL\\ecommerce-laravel-master-final\\ecommerce-laravel-master\\vendor\\laravel\\framework\\src\\Illuminate\\Pipeline\\Pipeline.php(167): Illuminate\\Foundation\\Http\\Middleware\\TrimStrings->handle(Object(Illuminate\\Http\\Request), Object(Closure))
#52 D:\\Kuliah\\Smt 4\\PWL\\Coding PWL\\ecommerce-laravel-master-final\\ecommerce-laravel-master\\vendor\\laravel\\framework\\src\\Illuminate\\Foundation\\Http\\Middleware\\ValidatePostSize.php(27): Illuminate\\Pipeline\\Pipeline->Illuminate\\Pipeline\\{closure}(Object(Illuminate\\Http\\Request))
#53 D:\\Kuliah\\Smt 4\\PWL\\Coding PWL\\ecommerce-laravel-master-final\\ecommerce-laravel-master\\vendor\\laravel\\framework\\src\\Illuminate\\Pipeline\\Pipeline.php(167): Illuminate\\Foundation\\Http\\Middleware\\ValidatePostSize->handle(Object(Illuminate\\Http\\Request), Object(Closure))
#54 D:\\Kuliah\\Smt 4\\PWL\\Coding PWL\\ecommerce-laravel-master-final\\ecommerce-laravel-master\\vendor\\laravel\\framework\\src\\Illuminate\\Foundation\\Http\\Middleware\\PreventRequestsDuringMaintenance.php(86): Illuminate\\Pipeline\\Pipeline->Illuminate\\Pipeline\\{closure}(Object(Illuminate\\Http\\Request))
#55 D:\\Kuliah\\Smt 4\\PWL\\Coding PWL\\ecommerce-laravel-master-final\\ecommerce-laravel-master\\vendor\\laravel\\framework\\src\\Illuminate\\Pipeline\\Pipeline.php(167): Illuminate\\Foundation\\Http\\Middleware\\PreventRequestsDuringMaintenance->handle(Object(Illuminate\\Http\\Request), Object(Closure))
#56 D:\\Kuliah\\Smt 4\\PWL\\Coding PWL\\ecommerce-laravel-master-final\\ecommerce-laravel-master\\vendor\\fideloper\\proxy\\src\\TrustProxies.php(57): Illuminate\\Pipeline\\Pipeline->Illuminate\\Pipeline\\{closure}(Object(Illuminate\\Http\\Request))
#57 D:\\Kuliah\\Smt 4\\PWL\\Coding PWL\\ecommerce-laravel-master-final\\ecommerce-laravel-master\\vendor\\laravel\\framework\\src\\Illuminate\\Pipeline\\Pipeline.php(167): Fideloper\\Proxy\\TrustProxies->handle(Object(Illuminate\\Http\\Request), Object(Closure))
#58 D:\\Kuliah\\Smt 4\\PWL\\Coding PWL\\ecommerce-laravel-master-final\\ecommerce-laravel-master\\vendor\\laravel\\framework\\src\\Illuminate\\Pipeline\\Pipeline.php(103): Illuminate\\Pipeline\\Pipeline->Illuminate\\Pipeline\\{closure}(Object(Illuminate\\Http\\Request))
#59 D:\\Kuliah\\Smt 4\\PWL\\Coding PWL\\ecommerce-laravel-master-final\\ecommerce-laravel-master\\vendor\\laravel\\framework\\src\\Illuminate\\Foundation\\Http\\Kernel.php(142): Illuminate\\Pipeline\\Pipeline->then(Object(Closure))
#60 D:\\Kuliah\\Smt 4\\PWL\\Coding PWL\\ecommerce-laravel-master-final\\ecommerce-laravel-master\\vendor\\laravel\\framework\\src\\Illuminate\\Foundation\\Http\\Kernel.php(111): Illuminate\\Foundation\\Http\\Kernel->sendRequestThroughRouter(Object(Illuminate\\Http\\Request))
#61 D:\\Kuliah\\Smt 4\\PWL\\Coding PWL\\ecommerce-laravel-master-final\\ecommerce-laravel-master\\public\\index.php(55): Illuminate\\Foundation\\Http\\Kernel->handle(Object(Illuminate\\Http\\Request))
#62 D:\\Kuliah\\Smt 4\\PWL\\Coding PWL\\ecommerce-laravel-master-final\\ecommerce-laravel-master\\server.php(21): require_once('D:\\\\Kuliah\\\\Smt 4...')
#63 {main}
"} 
[2022-07-10 06:59:03] local.ERROR: Undefined variable $tax {"userId":1,"exception":"[object] (ErrorException(code: 0): Undefined variable $tax at D:\\Kuliah\\Smt 4\\PWL\\Coding PWL\\ecommerce-laravel-master-final\\ecommerce-laravel-master\\app\\Http\\Controllers\\CheckoutController.php:32)
[stacktrace]
#0 D:\\Kuliah\\Smt 4\\PWL\\Coding PWL\\ecommerce-laravel-master-final\\ecommerce-laravel-master\\app\\Http\\Controllers\\CheckoutController.php(32): Illuminate\\Foundation\\Bootstrap\\HandleExceptions->handleError(2, 'Undefined varia...', 'D:\\\\Kuliah\\\\Smt 4...', 32)
#1 D:\\Kuliah\\Smt 4\\PWL\\Coding PWL\\ecommerce-laravel-master-final\\ecommerce-laravel-master\\vendor\\laravel\\framework\\src\\Illuminate\\Routing\\Controller.php(54): App\\Http\\Controllers\\CheckoutController->index()
#2 D:\\Kuliah\\Smt 4\\PWL\\Coding PWL\\ecommerce-laravel-master-final\\ecommerce-laravel-master\\vendor\\laravel\\framework\\src\\Illuminate\\Routing\\ControllerDispatcher.php(45): Illuminate\\Routing\\Controller->callAction('index', Array)
#3 D:\\Kuliah\\Smt 4\\PWL\\Coding PWL\\ecommerce-laravel-master-final\\ecommerce-laravel-master\\vendor\\laravel\\framework\\src\\Illuminate\\Routing\\Route.php(262): Illuminate\\Routing\\ControllerDispatcher->dispatch(Object(Illuminate\\Routing\\Route), Object(App\\Http\\Controllers\\CheckoutController), 'index')
#4 D:\\Kuliah\\Smt 4\\PWL\\Coding PWL\\ecommerce-laravel-master-final\\ecommerce-laravel-master\\vendor\\laravel\\framework\\src\\Illuminate\\Routing\\Route.php(205): Illuminate\\Routing\\Route->runController()
#5 D:\\Kuliah\\Smt 4\\PWL\\Coding PWL\\ecommerce-laravel-master-final\\ecommerce-laravel-master\\vendor\\laravel\\framework\\src\\Illuminate\\Routing\\Router.php(721): Illuminate\\Routing\\Route->run()
#6 D:\\Kuliah\\Smt 4\\PWL\\Coding PWL\\ecommerce-laravel-master-final\\ecommerce-laravel-master\\vendor\\laravel\\framework\\src\\Illuminate\\Pipeline\\Pipeline.php(128): Illuminate\\Routing\\Router->Illuminate\\Routing\\{closure}(Object(Illuminate\\Http\\Request))
#7 D:\\Kuliah\\Smt 4\\PWL\\Coding PWL\\ecommerce-laravel-master-final\\ecommerce-laravel-master\\app\\Http\\Middleware\\VisitsMiddleware.php(35): Illuminate\\Pipeline\\Pipeline->Illuminate\\Pipeline\\{closure}(Object(Illuminate\\Http\\Request))
#8 D:\\Kuliah\\Smt 4\\PWL\\Coding PWL\\ecommerce-laravel-master-final\\ecommerce-laravel-master\\vendor\\laravel\\framework\\src\\Illuminate\\Pipeline\\Pipeline.php(167): App\\Http\\Middleware\\VisitsMiddleware->handle(Object(Illuminate\\Http\\Request), Object(Closure))
#9 D:\\Kuliah\\Smt 4\\PWL\\Coding PWL\\ecommerce-laravel-master-final\\ecommerce-laravel-master\\vendor\\laravel\\framework\\src\\Illuminate\\Routing\\Middleware\\SubstituteBindings.php(50): Illuminate\\Pipeline\\Pipeline->Illuminate\\Pipeline\\{closure}(Object(Illuminate\\Http\\Request))
#10 D:\\Kuliah\\Smt 4\\PWL\\Coding PWL\\ecommerce-laravel-master-final\\ecommerce-laravel-master\\vendor\\laravel\\framework\\src\\Illuminate\\Pipeline\\Pipeline.php(167): Illuminate\\Routing\\Middleware\\SubstituteBindings->handle(Object(Illuminate\\Http\\Request), Object(Closure))
#11 D:\\Kuliah\\Smt 4\\PWL\\Coding PWL\\ecommerce-laravel-master-final\\ecommerce-laravel-master\\vendor\\laravel\\framework\\src\\Illuminate\\Foundation\\Http\\Middleware\\VerifyCsrfToken.php(78): Illuminate\\Pipeline\\Pipeline->Illuminate\\Pipeline\\{closure}(Object(Illuminate\\Http\\Request))
#12 D:\\Kuliah\\Smt 4\\PWL\\Coding PWL\\ecommerce-laravel-master-final\\ecommerce-laravel-master\\vendor\\laravel\\framework\\src\\Illuminate\\Pipeline\\Pipeline.php(167): Illuminate\\Foundation\\Http\\Middleware\\VerifyCsrfToken->handle(Object(Illuminate\\Http\\Request), Object(Closure))
#13 D:\\Kuliah\\Smt 4\\PWL\\Coding PWL\\ecommerce-laravel-master-final\\ecommerce-laravel-master\\vendor\\laravel\\framework\\src\\Illuminate\\View\\Middleware\\ShareErrorsFromSession.php(49): Illuminate\\Pipeline\\Pipeline->Illuminate\\Pipeline\\{closure}(Object(Illuminate\\Http\\Request))
#14 D:\\Kuliah\\Smt 4\\PWL\\Coding PWL\\ecommerce-laravel-master-final\\ecommerce-laravel-master\\vendor\\laravel\\framework\\src\\Illuminate\\Pipeline\\Pipeline.php(167): Illuminate\\View\\Middleware\\ShareErrorsFromSession->handle(Object(Illuminate\\Http\\Request), Object(Closure))
#15 D:\\Kuliah\\Smt 4\\PWL\\Coding PWL\\ecommerce-laravel-master-final\\ecommerce-laravel-master\\vendor\\laravel\\framework\\src\\Illuminate\\Session\\Middleware\\StartSession.php(121): Illuminate\\Pipeline\\Pipeline->Illuminate\\Pipeline\\{closure}(Object(Illuminate\\Http\\Request))
#16 D:\\Kuliah\\Smt 4\\PWL\\Coding PWL\\ecommerce-laravel-master-final\\ecommerce-laravel-master\\vendor\\laravel\\framework\\src\\Illuminate\\Session\\Middleware\\StartSession.php(64): Illuminate\\Session\\Middleware\\StartSession->handleStatefulRequest(Object(Illuminate\\Http\\Request), Object(Illuminate\\Session\\Store), Object(Closure))
#17 D:\\Kuliah\\Smt 4\\PWL\\Coding PWL\\ecommerce-laravel-master-final\\ecommerce-laravel-master\\vendor\\laravel\\framework\\src\\Illuminate\\Pipeline\\Pipeline.php(167): Illuminate\\Session\\Middleware\\StartSession->handle(Object(Illuminate\\Http\\Request), Object(Closure))
#18 D:\\Kuliah\\Smt 4\\PWL\\Coding PWL\\ecommerce-laravel-master-final\\ecommerce-laravel-master\\vendor\\laravel\\framework\\src\\Illuminate\\Cookie\\Middleware\\AddQueuedCookiesToResponse.php(37): Illuminate\\Pipeline\\Pipeline->Illuminate\\Pipeline\\{closure}(Object(Illuminate\\Http\\Request))
#19 D:\\Kuliah\\Smt 4\\PWL\\Coding PWL\\ecommerce-laravel-master-final\\ecommerce-laravel-master\\vendor\\laravel\\framework\\src\\Illuminate\\Pipeline\\Pipeline.php(167): Illuminate\\Cookie\\Middleware\\AddQueuedCookiesToResponse->handle(Object(Illuminate\\Http\\Request), Object(Closure))
#20 D:\\Kuliah\\Smt 4\\PWL\\Coding PWL\\ecommerce-laravel-master-final\\ecommerce-laravel-master\\vendor\\laravel\\framework\\src\\Illuminate\\Cookie\\Middleware\\EncryptCookies.php(67): Illuminate\\Pipeline\\Pipeline->Illuminate\\Pipeline\\{closure}(Object(Illuminate\\Http\\Request))
#21 D:\\Kuliah\\Smt 4\\PWL\\Coding PWL\\ecommerce-laravel-master-final\\ecommerce-laravel-master\\vendor\\laravel\\framework\\src\\Illuminate\\Pipeline\\Pipeline.php(167): Illuminate\\Cookie\\Middleware\\EncryptCookies->handle(Object(Illuminate\\Http\\Request), Object(Closure))
#22 D:\\Kuliah\\Smt 4\\PWL\\Coding PWL\\ecommerce-laravel-master-final\\ecommerce-laravel-master\\vendor\\laravel\\framework\\src\\Illuminate\\Pipeline\\Pipeline.php(103): Illuminate\\Pipeline\\Pipeline->Illuminate\\Pipeline\\{closure}(Object(Illuminate\\Http\\Request))
#23 D:\\Kuliah\\Smt 4\\PWL\\Coding PWL\\ecommerce-laravel-master-final\\ecommerce-laravel-master\\vendor\\laravel\\framework\\src\\Illuminate\\Routing\\Router.php(723): Illuminate\\Pipeline\\Pipeline->then(Object(Closure))
#24 D:\\Kuliah\\Smt 4\\PWL\\Coding PWL\\ecommerce-laravel-master-final\\ecommerce-laravel-master\\vendor\\laravel\\framework\\src\\Illuminate\\Routing\\Router.php(698): Illuminate\\Routing\\Router->runRouteWithinStack(Object(Illuminate\\Routing\\Route), Object(Illuminate\\Http\\Request))
#25 D:\\Kuliah\\Smt 4\\PWL\\Coding PWL\\ecommerce-laravel-master-final\\ecommerce-laravel-master\\vendor\\laravel\\framework\\src\\Illuminate\\Routing\\Router.php(662): Illuminate\\Routing\\Router->runRoute(Object(Illuminate\\Http\\Request), Object(Illuminate\\Routing\\Route))
#26 D:\\Kuliah\\Smt 4\\PWL\\Coding PWL\\ecommerce-laravel-master-final\\ecommerce-laravel-master\\vendor\\laravel\\framework\\src\\Illuminate\\Routing\\Router.php(651): Illuminate\\Routing\\Router->dispatchToRoute(Object(Illuminate\\Http\\Request))
#27 D:\\Kuliah\\Smt 4\\PWL\\Coding PWL\\ecommerce-laravel-master-final\\ecommerce-laravel-master\\vendor\\laravel\\framework\\src\\Illuminate\\Foundation\\Http\\Kernel.php(167): Illuminate\\Routing\\Router->dispatch(Object(Illuminate\\Http\\Request))
#28 D:\\Kuliah\\Smt 4\\PWL\\Coding PWL\\ecommerce-laravel-master-final\\ecommerce-laravel-master\\vendor\\laravel\\framework\\src\\Illuminate\\Pipeline\\Pipeline.php(128): Illuminate\\Foundation\\Http\\Kernel->Illuminate\\Foundation\\Http\\{closure}(Object(Illuminate\\Http\\Request))
#29 D:\\Kuliah\\Smt 4\\PWL\\Coding PWL\\ecommerce-laravel-master-final\\ecommerce-laravel-master\\vendor\\barryvdh\\laravel-debugbar\\src\\Middleware\\InjectDebugbar.php(67): Illuminate\\Pipeline\\Pipeline->Illuminate\\Pipeline\\{closure}(Object(Illuminate\\Http\\Request))
#30 D:\\Kuliah\\Smt 4\\PWL\\Coding PWL\\ecommerce-laravel-master-final\\ecommerce-laravel-master\\vendor\\laravel\\framework\\src\\Illuminate\\Pipeline\\Pipeline.php(167): Barryvdh\\Debugbar\\Middleware\\InjectDebugbar->handle(Object(Illuminate\\Http\\Request), Object(Closure))
#31 D:\\Kuliah\\Smt 4\\PWL\\Coding PWL\\ecommerce-laravel-master-final\\ecommerce-laravel-master\\vendor\\laravel\\framework\\src\\Illuminate\\Foundation\\Http\\Middleware\\TransformsRequest.php(21): Illuminate\\Pipeline\\Pipeline->Illuminate\\Pipeline\\{closure}(Object(Illuminate\\Http\\Request))
#32 D:\\Kuliah\\Smt 4\\PWL\\Coding PWL\\ecommerce-laravel-master-final\\ecommerce-laravel-master\\vendor\\laravel\\framework\\src\\Illuminate\\Foundation\\Http\\Middleware\\ConvertEmptyStringsToNull.php(31): Illuminate\\Foundation\\Http\\Middleware\\TransformsRequest->handle(Object(Illuminate\\Http\\Request), Object(Closure))
#33 D:\\Kuliah\\Smt 4\\PWL\\Coding PWL\\ecommerce-laravel-master-final\\ecommerce-laravel-master\\vendor\\laravel\\framework\\src\\Illuminate\\Pipeline\\Pipeline.php(167): Illuminate\\Foundation\\Http\\Middleware\\ConvertEmptyStringsToNull->handle(Object(Illuminate\\Http\\Request), Object(Closure))
#34 D:\\Kuliah\\Smt 4\\PWL\\Coding PWL\\ecommerce-laravel-master-final\\ecommerce-laravel-master\\vendor\\laravel\\framework\\src\\Illuminate\\Foundation\\Http\\Middleware\\TransformsRequest.php(21): Illuminate\\Pipeline\\Pipeline->Illuminate\\Pipeline\\{closure}(Object(Illuminate\\Http\\Request))
#35 D:\\Kuliah\\Smt 4\\PWL\\Coding PWL\\ecommerce-laravel-master-final\\ecommerce-laravel-master\\vendor\\laravel\\framework\\src\\Illuminate\\Foundation\\Http\\Middleware\\TrimStrings.php(40): Illuminate\\Foundation\\Http\\Middleware\\TransformsRequest->handle(Object(Illuminate\\Http\\Request), Object(Closure))
#36 D:\\Kuliah\\Smt 4\\PWL\\Coding PWL\\ecommerce-laravel-master-final\\ecommerce-laravel-master\\vendor\\laravel\\framework\\src\\Illuminate\\Pipeline\\Pipeline.php(167): Illuminate\\Foundation\\Http\\Middleware\\TrimStrings->handle(Object(Illuminate\\Http\\Request), Object(Closure))
#37 D:\\Kuliah\\Smt 4\\PWL\\Coding PWL\\ecommerce-laravel-master-final\\ecommerce-laravel-master\\vendor\\laravel\\framework\\src\\Illuminate\\Foundation\\Http\\Middleware\\ValidatePostSize.php(27): Illuminate\\Pipeline\\Pipeline->Illuminate\\Pipeline\\{closure}(Object(Illuminate\\Http\\Request))
#38 D:\\Kuliah\\Smt 4\\PWL\\Coding PWL\\ecommerce-laravel-master-final\\ecommerce-laravel-master\\vendor\\laravel\\framework\\src\\Illuminate\\Pipeline\\Pipeline.php(167): Illuminate\\Foundation\\Http\\Middleware\\ValidatePostSize->handle(Object(Illuminate\\Http\\Request), Object(Closure))
#39 D:\\Kuliah\\Smt 4\\PWL\\Coding PWL\\ecommerce-laravel-master-final\\ecommerce-laravel-master\\vendor\\laravel\\framework\\src\\Illuminate\\Foundation\\Http\\Middleware\\PreventRequestsDuringMaintenance.php(86): Illuminate\\Pipeline\\Pipeline->Illuminate\\Pipeline\\{closure}(Object(Illuminate\\Http\\Request))
#40 D:\\Kuliah\\Smt 4\\PWL\\Coding PWL\\ecommerce-laravel-master-final\\ecommerce-laravel-master\\vendor\\laravel\\framework\\src\\Illuminate\\Pipeline\\Pipeline.php(167): Illuminate\\Foundation\\Http\\Middleware\\PreventRequestsDuringMaintenance->handle(Object(Illuminate\\Http\\Request), Object(Closure))
#41 D:\\Kuliah\\Smt 4\\PWL\\Coding PWL\\ecommerce-laravel-master-final\\ecommerce-laravel-master\\vendor\\fideloper\\proxy\\src\\TrustProxies.php(57): Illuminate\\Pipeline\\Pipeline->Illuminate\\Pipeline\\{closure}(Object(Illuminate\\Http\\Request))
#42 D:\\Kuliah\\Smt 4\\PWL\\Coding PWL\\ecommerce-laravel-master-final\\ecommerce-laravel-master\\vendor\\laravel\\framework\\src\\Illuminate\\Pipeline\\Pipeline.php(167): Fideloper\\Proxy\\TrustProxies->handle(Object(Illuminate\\Http\\Request), Object(Closure))
#43 D:\\Kuliah\\Smt 4\\PWL\\Coding PWL\\ecommerce-laravel-master-final\\ecommerce-laravel-master\\vendor\\laravel\\framework\\src\\Illuminate\\Pipeline\\Pipeline.php(103): Illuminate\\Pipeline\\Pipeline->Illuminate\\Pipeline\\{closure}(Object(Illuminate\\Http\\Request))
#44 D:\\Kuliah\\Smt 4\\PWL\\Coding PWL\\ecommerce-laravel-master-final\\ecommerce-laravel-master\\vendor\\laravel\\framework\\src\\Illuminate\\Foundation\\Http\\Kernel.php(142): Illuminate\\Pipeline\\Pipeline->then(Object(Closure))
#45 D:\\Kuliah\\Smt 4\\PWL\\Coding PWL\\ecommerce-laravel-master-final\\ecommerce-laravel-master\\vendor\\laravel\\framework\\src\\Illuminate\\Foundation\\Http\\Kernel.php(111): Illuminate\\Foundation\\Http\\Kernel->sendRequestThroughRouter(Object(Illuminate\\Http\\Request))
#46 D:\\Kuliah\\Smt 4\\PWL\\Coding PWL\\ecommerce-laravel-master-final\\ecommerce-laravel-master\\public\\index.php(55): Illuminate\\Foundation\\Http\\Kernel->handle(Object(Illuminate\\Http\\Request))
#47 D:\\Kuliah\\Smt 4\\PWL\\Coding PWL\\ecommerce-laravel-master-final\\ecommerce-laravel-master\\server.php(21): require_once('D:\\\\Kuliah\\\\Smt 4...')
#48 {main}
"} 
[2022-07-10 06:59:28] local.ERROR: Undefined variable $tax (View: D:\Kuliah\Smt 4\PWL\Coding PWL\ecommerce-laravel-master-final\ecommerce-laravel-master\resources\views\checkout.blade.php) {"view":{"view":"D:\\Kuliah\\Smt 4\\PWL\\Coding PWL\\ecommerce-laravel-master-final\\ecommerce-laravel-master\esources\\views/checkout.blade.php","data":{"errors":"<pre class=sf-dump id=sf-dump-1605215081 data-indent-pad=\"  \"><span class=sf-dump-note>Illuminate\\Support\\ViewErrorBag</span> {<a class=sf-dump-ref>#397</a><samp data-depth=1 class=sf-dump-expanded>
  #<span class=sf-dump-protected title=\"Protected property\">bags</span>: []
</samp>}
</pre><script>Sfdump(\"sf-dump-1605215081\", {\"maxDepth\":3,\"maxStringLength\":160})</script>
","subtotal":"<pre class=sf-dump id=sf-dump-19178611 data-indent-pad=\"  \">\"<span class=sf-dump-str title=\"4 characters\">1500</span>\"
</pre><script>Sfdump(\"sf-dump-19178611\", {\"maxDepth\":3,\"maxStringLength\":160})</script>
","discount":"<pre class=sf-dump id=sf-dump-395645839 data-indent-pad=\"  \"><span class=sf-dump-num>0</span>
</pre><script>Sfdump(\"sf-dump-395645839\", {\"maxDepth\":3,\"maxStringLength\":160})</script>
","newSubtotal":"<pre class=sf-dump id=sf-dump-1342772127 data-indent-pad=\"  \"><span class=sf-dump-num>1500</span>
</pre><script>Sfdump(\"sf-dump-1342772127\", {\"maxDepth\":3,\"maxStringLength\":160})</script>
","total":"<pre class=sf-dump id=sf-dump-2135987082 data-indent-pad=\"  \"><span class=sf-dump-num>1500</span>
</pre><script>Sfdump(\"sf-dump-2135987082\", {\"maxDepth\":3,\"maxStringLength\":160})</script>
"}},"userId":1,"exception":"[object] (Facade\\Ignition\\Exceptions\\ViewException(code: 0): Undefined variable $tax (View: D:\\Kuliah\\Smt 4\\PWL\\Coding PWL\\ecommerce-laravel-master-final\\ecommerce-laravel-master\esources\\views\\checkout.blade.php) at D:\\Kuliah\\Smt 4\\PWL\\Coding PWL\\ecommerce-laravel-master-final\\ecommerce-laravel-master\esources\\views/checkout.blade.php:147)
[stacktrace]
#0 D:\\Kuliah\\Smt 4\\PWL\\Coding PWL\\ecommerce-laravel-master-final\\ecommerce-laravel-master\esources\\views/checkout.blade.php(147): Illuminate\\Foundation\\Bootstrap\\HandleExceptions->handleError(2, 'Undefined varia...', 'D:\\\\Kuliah\\\\Smt 4...', 146)
#1 D:\\Kuliah\\Smt 4\\PWL\\Coding PWL\\ecommerce-laravel-master-final\\ecommerce-laravel-master\\vendor\\laravel\\framework\\src\\Illuminate\\Filesystem\\Filesystem.php(107): require('D:\\\\Kuliah\\\\Smt 4...')
#2 D:\\Kuliah\\Smt 4\\PWL\\Coding PWL\\ecommerce-laravel-master-final\\ecommerce-laravel-master\\vendor\\laravel\\framework\\src\\Illuminate\\Filesystem\\Filesystem.php(108): Illuminate\\Filesystem\\Filesystem::Illuminate\\Filesystem\\{closure}()
#3 D:\\Kuliah\\Smt 4\\PWL\\Coding PWL\\ecommerce-laravel-master-final\\ecommerce-laravel-master\\vendor\\laravel\\framework\\src\\Illuminate\\View\\Engines\\PhpEngine.php(58): Illuminate\\Filesystem\\Filesystem->getRequire('D:\\\\Kuliah\\\\Smt 4...', Array)
#4 D:\\Kuliah\\Smt 4\\PWL\\Coding PWL\\ecommerce-laravel-master-final\\ecommerce-laravel-master\\vendor\\laravel\\framework\\src\\Illuminate\\View\\Engines\\CompilerEngine.php(61): Illuminate\\View\\Engines\\PhpEngine->evaluatePath('D:\\\\Kuliah\\\\Smt 4...', Array)
#5 D:\\Kuliah\\Smt 4\\PWL\\Coding PWL\\ecommerce-laravel-master-final\\ecommerce-laravel-master\\vendor\\facade\\ignition\\src\\Views\\Engines\\CompilerEngine.php(37): Illuminate\\View\\Engines\\CompilerEngine->get('D:\\\\Kuliah\\\\Smt 4...', Array)
#6 D:\\Kuliah\\Smt 4\\PWL\\Coding PWL\\ecommerce-laravel-master-final\\ecommerce-laravel-master\\vendor\\laravel\\framework\\src\\Illuminate\\View\\View.php(139): Facade\\Ignition\\Views\\Engines\\CompilerEngine->get('D:\\\\Kuliah\\\\Smt 4...', Array)
#7 D:\\Kuliah\\Smt 4\\PWL\\Coding PWL\\ecommerce-laravel-master-final\\ecommerce-laravel-master\\vendor\\laravel\\framework\\src\\Illuminate\\View\\View.php(122): Illuminate\\View\\View->getContents()
#8 D:\\Kuliah\\Smt 4\\PWL\\Coding PWL\\ecommerce-laravel-master-final\\ecommerce-laravel-master\\vendor\\laravel\\framework\\src\\Illuminate\\View\\View.php(91): Illuminate\\View\\View->renderContents()
#9 D:\\Kuliah\\Smt 4\\PWL\\Coding PWL\\ecommerce-laravel-master-final\\ecommerce-laravel-master\\vendor\\laravel\\framework\\src\\Illuminate\\Http\\Response.php(69): Illuminate\\View\\View->render()
#10 D:\\Kuliah\\Smt 4\\PWL\\Coding PWL\\ecommerce-laravel-master-final\\ecommerce-laravel-master\\vendor\\laravel\\framework\\src\\Illuminate\\Http\\Response.php(35): Illuminate\\Http\\Response->setContent(Object(Illuminate\\View\\View))
#11 D:\\Kuliah\\Smt 4\\PWL\\Coding PWL\\ecommerce-laravel-master-final\\ecommerce-laravel-master\\vendor\\laravel\\framework\\src\\Illuminate\\Routing\\Router.php(820): Illuminate\\Http\\Response->__construct(Object(Illuminate\\View\\View), 200, Array)
#12 D:\\Kuliah\\Smt 4\\PWL\\Coding PWL\\ecommerce-laravel-master-final\\ecommerce-laravel-master\\vendor\\laravel\\framework\\src\\Illuminate\\Routing\\Router.php(789): Illuminate\\Routing\\Router::toResponse(Object(Illuminate\\Http\\Request), Object(Illuminate\\View\\View))
#13 D:\\Kuliah\\Smt 4\\PWL\\Coding PWL\\ecommerce-laravel-master-final\\ecommerce-laravel-master\\vendor\\laravel\\framework\\src\\Illuminate\\Routing\\Router.php(721): Illuminate\\Routing\\Router->prepareResponse(Object(Illuminate\\Http\\Request), Object(Illuminate\\View\\View))
#14 D:\\Kuliah\\Smt 4\\PWL\\Coding PWL\\ecommerce-laravel-master-final\\ecommerce-laravel-master\\vendor\\laravel\\framework\\src\\Illuminate\\Pipeline\\Pipeline.php(128): Illuminate\\Routing\\Router->Illuminate\\Routing\\{closure}(Object(Illuminate\\Http\\Request))
#15 D:\\Kuliah\\Smt 4\\PWL\\Coding PWL\\ecommerce-laravel-master-final\\ecommerce-laravel-master\\app\\Http\\Middleware\\VisitsMiddleware.php(35): Illuminate\\Pipeline\\Pipeline->Illuminate\\Pipeline\\{closure}(Object(Illuminate\\Http\\Request))
#16 D:\\Kuliah\\Smt 4\\PWL\\Coding PWL\\ecommerce-laravel-master-final\\ecommerce-laravel-master\\vendor\\laravel\\framework\\src\\Illuminate\\Pipeline\\Pipeline.php(167): App\\Http\\Middleware\\VisitsMiddleware->handle(Object(Illuminate\\Http\\Request), Object(Closure))
#17 D:\\Kuliah\\Smt 4\\PWL\\Coding PWL\\ecommerce-laravel-master-final\\ecommerce-laravel-master\\vendor\\laravel\\framework\\src\\Illuminate\\Routing\\Middleware\\SubstituteBindings.php(50): Illuminate\\Pipeline\\Pipeline->Illuminate\\Pipeline\\{closure}(Object(Illuminate\\Http\\Request))
#18 D:\\Kuliah\\Smt 4\\PWL\\Coding PWL\\ecommerce-laravel-master-final\\ecommerce-laravel-master\\vendor\\laravel\\framework\\src\\Illuminate\\Pipeline\\Pipeline.php(167): Illuminate\\Routing\\Middleware\\SubstituteBindings->handle(Object(Illuminate\\Http\\Request), Object(Closure))
#19 D:\\Kuliah\\Smt 4\\PWL\\Coding PWL\\ecommerce-laravel-master-final\\ecommerce-laravel-master\\vendor\\laravel\\framework\\src\\Illuminate\\Foundation\\Http\\Middleware\\VerifyCsrfToken.php(78): Illuminate\\Pipeline\\Pipeline->Illuminate\\Pipeline\\{closure}(Object(Illuminate\\Http\\Request))
#20 D:\\Kuliah\\Smt 4\\PWL\\Coding PWL\\ecommerce-laravel-master-final\\ecommerce-laravel-master\\vendor\\laravel\\framework\\src\\Illuminate\\Pipeline\\Pipeline.php(167): Illuminate\\Foundation\\Http\\Middleware\\VerifyCsrfToken->handle(Object(Illuminate\\Http\\Request), Object(Closure))
#21 D:\\Kuliah\\Smt 4\\PWL\\Coding PWL\\ecommerce-laravel-master-final\\ecommerce-laravel-master\\vendor\\laravel\\framework\\src\\Illuminate\\View\\Middleware\\ShareErrorsFromSession.php(49): Illuminate\\Pipeline\\Pipeline->Illuminate\\Pipeline\\{closure}(Object(Illuminate\\Http\\Request))
#22 D:\\Kuliah\\Smt 4\\PWL\\Coding PWL\\ecommerce-laravel-master-final\\ecommerce-laravel-master\\vendor\\laravel\\framework\\src\\Illuminate\\Pipeline\\Pipeline.php(167): Illuminate\\View\\Middleware\\ShareErrorsFromSession->handle(Object(Illuminate\\Http\\Request), Object(Closure))
#23 D:\\Kuliah\\Smt 4\\PWL\\Coding PWL\\ecommerce-laravel-master-final\\ecommerce-laravel-master\\vendor\\laravel\\framework\\src\\Illuminate\\Session\\Middleware\\StartSession.php(121): Illuminate\\Pipeline\\Pipeline->Illuminate\\Pipeline\\{closure}(Object(Illuminate\\Http\\Request))
#24 D:\\Kuliah\\Smt 4\\PWL\\Coding PWL\\ecommerce-laravel-master-final\\ecommerce-laravel-master\\vendor\\laravel\\framework\\src\\Illuminate\\Session\\Middleware\\StartSession.php(64): Illuminate\\Session\\Middleware\\StartSession->handleStatefulRequest(Object(Illuminate\\Http\\Request), Object(Illuminate\\Session\\Store), Object(Closure))
#25 D:\\Kuliah\\Smt 4\\PWL\\Coding PWL\\ecommerce-laravel-master-final\\ecommerce-laravel-master\\vendor\\laravel\\framework\\src\\Illuminate\\Pipeline\\Pipeline.php(167): Illuminate\\Session\\Middleware\\StartSession->handle(Object(Illuminate\\Http\\Request), Object(Closure))
#26 D:\\Kuliah\\Smt 4\\PWL\\Coding PWL\\ecommerce-laravel-master-final\\ecommerce-laravel-master\\vendor\\laravel\\framework\\src\\Illuminate\\Cookie\\Middleware\\AddQueuedCookiesToResponse.php(37): Illuminate\\Pipeline\\Pipeline->Illuminate\\Pipeline\\{closure}(Object(Illuminate\\Http\\Request))
#27 D:\\Kuliah\\Smt 4\\PWL\\Coding PWL\\ecommerce-laravel-master-final\\ecommerce-laravel-master\\vendor\\laravel\\framework\\src\\Illuminate\\Pipeline\\Pipeline.php(167): Illuminate\\Cookie\\Middleware\\AddQueuedCookiesToResponse->handle(Object(Illuminate\\Http\\Request), Object(Closure))
#28 D:\\Kuliah\\Smt 4\\PWL\\Coding PWL\\ecommerce-laravel-master-final\\ecommerce-laravel-master\\vendor\\laravel\\framework\\src\\Illuminate\\Cookie\\Middleware\\EncryptCookies.php(67): Illuminate\\Pipeline\\Pipeline->Illuminate\\Pipeline\\{closure}(Object(Illuminate\\Http\\Request))
#29 D:\\Kuliah\\Smt 4\\PWL\\Coding PWL\\ecommerce-laravel-master-final\\ecommerce-laravel-master\\vendor\\laravel\\framework\\src\\Illuminate\\Pipeline\\Pipeline.php(167): Illuminate\\Cookie\\Middleware\\EncryptCookies->handle(Object(Illuminate\\Http\\Request), Object(Closure))
#30 D:\\Kuliah\\Smt 4\\PWL\\Coding PWL\\ecommerce-laravel-master-final\\ecommerce-laravel-master\\vendor\\laravel\\framework\\src\\Illuminate\\Pipeline\\Pipeline.php(103): Illuminate\\Pipeline\\Pipeline->Illuminate\\Pipeline\\{closure}(Object(Illuminate\\Http\\Request))
#31 D:\\Kuliah\\Smt 4\\PWL\\Coding PWL\\ecommerce-laravel-master-final\\ecommerce-laravel-master\\vendor\\laravel\\framework\\src\\Illuminate\\Routing\\Router.php(723): Illuminate\\Pipeline\\Pipeline->then(Object(Closure))
#32 D:\\Kuliah\\Smt 4\\PWL\\Coding PWL\\ecommerce-laravel-master-final\\ecommerce-laravel-master\\vendor\\laravel\\framework\\src\\Illuminate\\Routing\\Router.php(698): Illuminate\\Routing\\Router->runRouteWithinStack(Object(Illuminate\\Routing\\Route), Object(Illuminate\\Http\\Request))
#33 D:\\Kuliah\\Smt 4\\PWL\\Coding PWL\\ecommerce-laravel-master-final\\ecommerce-laravel-master\\vendor\\laravel\\framework\\src\\Illuminate\\Routing\\Router.php(662): Illuminate\\Routing\\Router->runRoute(Object(Illuminate\\Http\\Request), Object(Illuminate\\Routing\\Route))
#34 D:\\Kuliah\\Smt 4\\PWL\\Coding PWL\\ecommerce-laravel-master-final\\ecommerce-laravel-master\\vendor\\laravel\\framework\\src\\Illuminate\\Routing\\Router.php(651): Illuminate\\Routing\\Router->dispatchToRoute(Object(Illuminate\\Http\\Request))
#35 D:\\Kuliah\\Smt 4\\PWL\\Coding PWL\\ecommerce-laravel-master-final\\ecommerce-laravel-master\\vendor\\laravel\\framework\\src\\Illuminate\\Foundation\\Http\\Kernel.php(167): Illuminate\\Routing\\Router->dispatch(Object(Illuminate\\Http\\Request))
#36 D:\\Kuliah\\Smt 4\\PWL\\Coding PWL\\ecommerce-laravel-master-final\\ecommerce-laravel-master\\vendor\\laravel\\framework\\src\\Illuminate\\Pipeline\\Pipeline.php(128): Illuminate\\Foundation\\Http\\Kernel->Illuminate\\Foundation\\Http\\{closure}(Object(Illuminate\\Http\\Request))
#37 D:\\Kuliah\\Smt 4\\PWL\\Coding PWL\\ecommerce-laravel-master-final\\ecommerce-laravel-master\\vendor\\barryvdh\\laravel-debugbar\\src\\Middleware\\InjectDebugbar.php(67): Illuminate\\Pipeline\\Pipeline->Illuminate\\Pipeline\\{closure}(Object(Illuminate\\Http\\Request))
#38 D:\\Kuliah\\Smt 4\\PWL\\Coding PWL\\ecommerce-laravel-master-final\\ecommerce-laravel-master\\vendor\\laravel\\framework\\src\\Illuminate\\Pipeline\\Pipeline.php(167): Barryvdh\\Debugbar\\Middleware\\InjectDebugbar->handle(Object(Illuminate\\Http\\Request), Object(Closure))
#39 D:\\Kuliah\\Smt 4\\PWL\\Coding PWL\\ecommerce-laravel-master-final\\ecommerce-laravel-master\\vendor\\laravel\\framework\\src\\Illuminate\\Foundation\\Http\\Middleware\\TransformsRequest.php(21): Illuminate\\Pipeline\\Pipeline->Illuminate\\Pipeline\\{closure}(Object(Illuminate\\Http\\Request))
#40 D:\\Kuliah\\Smt 4\\PWL\\Coding PWL\\ecommerce-laravel-master-final\\ecommerce-laravel-master\\vendor\\laravel\\framework\\src\\Illuminate\\Foundation\\Http\\Middleware\\ConvertEmptyStringsToNull.php(31): Illuminate\\Foundation\\Http\\Middleware\\TransformsRequest->handle(Object(Illuminate\\Http\\Request), Object(Closure))
#41 D:\\Kuliah\\Smt 4\\PWL\\Coding PWL\\ecommerce-laravel-master-final\\ecommerce-laravel-master\\vendor\\laravel\\framework\\src\\Illuminate\\Pipeline\\Pipeline.php(167): Illuminate\\Foundation\\Http\\Middleware\\ConvertEmptyStringsToNull->handle(Object(Illuminate\\Http\\Request), Object(Closure))
#42 D:\\Kuliah\\Smt 4\\PWL\\Coding PWL\\ecommerce-laravel-master-final\\ecommerce-laravel-master\\vendor\\laravel\\framework\\src\\Illuminate\\Foundation\\Http\\Middleware\\TransformsRequest.php(21): Illuminate\\Pipeline\\Pipeline->Illuminate\\Pipeline\\{closure}(Object(Illuminate\\Http\\Request))
#43 D:\\Kuliah\\Smt 4\\PWL\\Coding PWL\\ecommerce-laravel-master-final\\ecommerce-laravel-master\\vendor\\laravel\\framework\\src\\Illuminate\\Foundation\\Http\\Middleware\\TrimStrings.php(40): Illuminate\\Foundation\\Http\\Middleware\\TransformsRequest->handle(Object(Illuminate\\Http\\Request), Object(Closure))
#44 D:\\Kuliah\\Smt 4\\PWL\\Coding PWL\\ecommerce-laravel-master-final\\ecommerce-laravel-master\\vendor\\laravel\\framework\\src\\Illuminate\\Pipeline\\Pipeline.php(167): Illuminate\\Foundation\\Http\\Middleware\\TrimStrings->handle(Object(Illuminate\\Http\\Request), Object(Closure))
#45 D:\\Kuliah\\Smt 4\\PWL\\Coding PWL\\ecommerce-laravel-master-final\\ecommerce-laravel-master\\vendor\\laravel\\framework\\src\\Illuminate\\Foundation\\Http\\Middleware\\ValidatePostSize.php(27): Illuminate\\Pipeline\\Pipeline->Illuminate\\Pipeline\\{closure}(Object(Illuminate\\Http\\Request))
#46 D:\\Kuliah\\Smt 4\\PWL\\Coding PWL\\ecommerce-laravel-master-final\\ecommerce-laravel-master\\vendor\\laravel\\framework\\src\\Illuminate\\Pipeline\\Pipeline.php(167): Illuminate\\Foundation\\Http\\Middleware\\ValidatePostSize->handle(Object(Illuminate\\Http\\Request), Object(Closure))
#47 D:\\Kuliah\\Smt 4\\PWL\\Coding PWL\\ecommerce-laravel-master-final\\ecommerce-laravel-master\\vendor\\laravel\\framework\\src\\Illuminate\\Foundation\\Http\\Middleware\\PreventRequestsDuringMaintenance.php(86): Illuminate\\Pipeline\\Pipeline->Illuminate\\Pipeline\\{closure}(Object(Illuminate\\Http\\Request))
#48 D:\\Kuliah\\Smt 4\\PWL\\Coding PWL\\ecommerce-laravel-master-final\\ecommerce-laravel-master\\vendor\\laravel\\framework\\src\\Illuminate\\Pipeline\\Pipeline.php(167): Illuminate\\Foundation\\Http\\Middleware\\PreventRequestsDuringMaintenance->handle(Object(Illuminate\\Http\\Request), Object(Closure))
#49 D:\\Kuliah\\Smt 4\\PWL\\Coding PWL\\ecommerce-laravel-master-final\\ecommerce-laravel-master\\vendor\\fideloper\\proxy\\src\\TrustProxies.php(57): Illuminate\\Pipeline\\Pipeline->Illuminate\\Pipeline\\{closure}(Object(Illuminate\\Http\\Request))
#50 D:\\Kuliah\\Smt 4\\PWL\\Coding PWL\\ecommerce-laravel-master-final\\ecommerce-laravel-master\\vendor\\laravel\\framework\\src\\Illuminate\\Pipeline\\Pipeline.php(167): Fideloper\\Proxy\\TrustProxies->handle(Object(Illuminate\\Http\\Request), Object(Closure))
#51 D:\\Kuliah\\Smt 4\\PWL\\Coding PWL\\ecommerce-laravel-master-final\\ecommerce-laravel-master\\vendor\\laravel\\framework\\src\\Illuminate\\Pipeline\\Pipeline.php(103): Illuminate\\Pipeline\\Pipeline->Illuminate\\Pipeline\\{closure}(Object(Illuminate\\Http\\Request))
#52 D:\\Kuliah\\Smt 4\\PWL\\Coding PWL\\ecommerce-laravel-master-final\\ecommerce-laravel-master\\vendor\\laravel\\framework\\src\\Illuminate\\Foundation\\Http\\Kernel.php(142): Illuminate\\Pipeline\\Pipeline->then(Object(Closure))
#53 D:\\Kuliah\\Smt 4\\PWL\\Coding PWL\\ecommerce-laravel-master-final\\ecommerce-laravel-master\\vendor\\laravel\\framework\\src\\Illuminate\\Foundation\\Http\\Kernel.php(111): Illuminate\\Foundation\\Http\\Kernel->sendRequestThroughRouter(Object(Illuminate\\Http\\Request))
#54 D:\\Kuliah\\Smt 4\\PWL\\Coding PWL\\ecommerce-laravel-master-final\\ecommerce-laravel-master\\public\\index.php(55): Illuminate\\Foundation\\Http\\Kernel->handle(Object(Illuminate\\Http\\Request))
#55 D:\\Kuliah\\Smt 4\\PWL\\Coding PWL\\ecommerce-laravel-master-final\\ecommerce-laravel-master\\server.php(21): require_once('D:\\\\Kuliah\\\\Smt 4...')
#56 {main}

[previous exception] [object] (ErrorException(code: 0): Undefined variable $tax at D:\\Kuliah\\Smt 4\\PWL\\Coding PWL\\ecommerce-laravel-master-final\\ecommerce-laravel-master\\storage\\framework\\views\\5ce5f051ac5bc17017ce818bdbca85794490a163.php:146)
[stacktrace]
#0 D:\\Kuliah\\Smt 4\\PWL\\Coding PWL\\ecommerce-laravel-master-final\\ecommerce-laravel-master\\storage\\framework\\views\\5ce5f051ac5bc17017ce818bdbca85794490a163.php(146): Illuminate\\Foundation\\Bootstrap\\HandleExceptions->handleError(2, 'Undefined varia...', 'D:\\\\Kuliah\\\\Smt 4...', 146)
#1 D:\\Kuliah\\Smt 4\\PWL\\Coding PWL\\ecommerce-laravel-master-final\\ecommerce-laravel-master\\vendor\\laravel\\framework\\src\\Illuminate\\Filesystem\\Filesystem.php(107): require('D:\\\\Kuliah\\\\Smt 4...')
#2 D:\\Kuliah\\Smt 4\\PWL\\Coding PWL\\ecommerce-laravel-master-final\\ecommerce-laravel-master\\vendor\\laravel\\framework\\src\\Illuminate\\Filesystem\\Filesystem.php(108): Illuminate\\Filesystem\\Filesystem::Illuminate\\Filesystem\\{closure}()
#3 D:\\Kuliah\\Smt 4\\PWL\\Coding PWL\\ecommerce-laravel-master-final\\ecommerce-laravel-master\\vendor\\laravel\\framework\\src\\Illuminate\\View\\Engines\\PhpEngine.php(58): Illuminate\\Filesystem\\Filesystem->getRequire('D:\\\\Kuliah\\\\Smt 4...', Array)
#4 D:\\Kuliah\\Smt 4\\PWL\\Coding PWL\\ecommerce-laravel-master-final\\ecommerce-laravel-master\\vendor\\laravel\\framework\\src\\Illuminate\\View\\Engines\\CompilerEngine.php(61): Illuminate\\View\\Engines\\PhpEngine->evaluatePath('D:\\\\Kuliah\\\\Smt 4...', Array)
#5 D:\\Kuliah\\Smt 4\\PWL\\Coding PWL\\ecommerce-laravel-master-final\\ecommerce-laravel-master\\vendor\\facade\\ignition\\src\\Views\\Engines\\CompilerEngine.php(37): Illuminate\\View\\Engines\\CompilerEngine->get('D:\\\\Kuliah\\\\Smt 4...', Array)
#6 D:\\Kuliah\\Smt 4\\PWL\\Coding PWL\\ecommerce-laravel-master-final\\ecommerce-laravel-master\\vendor\\laravel\\framework\\src\\Illuminate\\View\\View.php(139): Facade\\Ignition\\Views\\Engines\\CompilerEngine->get('D:\\\\Kuliah\\\\Smt 4...', Array)
#7 D:\\Kuliah\\Smt 4\\PWL\\Coding PWL\\ecommerce-laravel-master-final\\ecommerce-laravel-master\\vendor\\laravel\\framework\\src\\Illuminate\\View\\View.php(122): Illuminate\\View\\View->getContents()
#8 D:\\Kuliah\\Smt 4\\PWL\\Coding PWL\\ecommerce-laravel-master-final\\ecommerce-laravel-master\\vendor\\laravel\\framework\\src\\Illuminate\\View\\View.php(91): Illuminate\\View\\View->renderContents()
#9 D:\\Kuliah\\Smt 4\\PWL\\Coding PWL\\ecommerce-laravel-master-final\\ecommerce-laravel-master\\vendor\\laravel\\framework\\src\\Illuminate\\Http\\Response.php(69): Illuminate\\View\\View->render()
#10 D:\\Kuliah\\Smt 4\\PWL\\Coding PWL\\ecommerce-laravel-master-final\\ecommerce-laravel-master\\vendor\\laravel\\framework\\src\\Illuminate\\Http\\Response.php(35): Illuminate\\Http\\Response->setContent(Object(Illuminate\\View\\View))
#11 D:\\Kuliah\\Smt 4\\PWL\\Coding PWL\\ecommerce-laravel-master-final\\ecommerce-laravel-master\\vendor\\laravel\\framework\\src\\Illuminate\\Routing\\Router.php(820): Illuminate\\Http\\Response->__construct(Object(Illuminate\\View\\View), 200, Array)
#12 D:\\Kuliah\\Smt 4\\PWL\\Coding PWL\\ecommerce-laravel-master-final\\ecommerce-laravel-master\\vendor\\laravel\\framework\\src\\Illuminate\\Routing\\Router.php(789): Illuminate\\Routing\\Router::toResponse(Object(Illuminate\\Http\\Request), Object(Illuminate\\View\\View))
#13 D:\\Kuliah\\Smt 4\\PWL\\Coding PWL\\ecommerce-laravel-master-final\\ecommerce-laravel-master\\vendor\\laravel\\framework\\src\\Illuminate\\Routing\\Router.php(721): Illuminate\\Routing\\Router->prepareResponse(Object(Illuminate\\Http\\Request), Object(Illuminate\\View\\View))
#14 D:\\Kuliah\\Smt 4\\PWL\\Coding PWL\\ecommerce-laravel-master-final\\ecommerce-laravel-master\\vendor\\laravel\\framework\\src\\Illuminate\\Pipeline\\Pipeline.php(128): Illuminate\\Routing\\Router->Illuminate\\Routing\\{closure}(Object(Illuminate\\Http\\Request))
#15 D:\\Kuliah\\Smt 4\\PWL\\Coding PWL\\ecommerce-laravel-master-final\\ecommerce-laravel-master\\app\\Http\\Middleware\\VisitsMiddleware.php(35): Illuminate\\Pipeline\\Pipeline->Illuminate\\Pipeline\\{closure}(Object(Illuminate\\Http\\Request))
#16 D:\\Kuliah\\Smt 4\\PWL\\Coding PWL\\ecommerce-laravel-master-final\\ecommerce-laravel-master\\vendor\\laravel\\framework\\src\\Illuminate\\Pipeline\\Pipeline.php(167): App\\Http\\Middleware\\VisitsMiddleware->handle(Object(Illuminate\\Http\\Request), Object(Closure))
#17 D:\\Kuliah\\Smt 4\\PWL\\Coding PWL\\ecommerce-laravel-master-final\\ecommerce-laravel-master\\vendor\\laravel\\framework\\src\\Illuminate\\Routing\\Middleware\\SubstituteBindings.php(50): Illuminate\\Pipeline\\Pipeline->Illuminate\\Pipeline\\{closure}(Object(Illuminate\\Http\\Request))
#18 D:\\Kuliah\\Smt 4\\PWL\\Coding PWL\\ecommerce-laravel-master-final\\ecommerce-laravel-master\\vendor\\laravel\\framework\\src\\Illuminate\\Pipeline\\Pipeline.php(167): Illuminate\\Routing\\Middleware\\SubstituteBindings->handle(Object(Illuminate\\Http\\Request), Object(Closure))
#19 D:\\Kuliah\\Smt 4\\PWL\\Coding PWL\\ecommerce-laravel-master-final\\ecommerce-laravel-master\\vendor\\laravel\\framework\\src\\Illuminate\\Foundation\\Http\\Middleware\\VerifyCsrfToken.php(78): Illuminate\\Pipeline\\Pipeline->Illuminate\\Pipeline\\{closure}(Object(Illuminate\\Http\\Request))
#20 D:\\Kuliah\\Smt 4\\PWL\\Coding PWL\\ecommerce-laravel-master-final\\ecommerce-laravel-master\\vendor\\laravel\\framework\\src\\Illuminate\\Pipeline\\Pipeline.php(167): Illuminate\\Foundation\\Http\\Middleware\\VerifyCsrfToken->handle(Object(Illuminate\\Http\\Request), Object(Closure))
#21 D:\\Kuliah\\Smt 4\\PWL\\Coding PWL\\ecommerce-laravel-master-final\\ecommerce-laravel-master\\vendor\\laravel\\framework\\src\\Illuminate\\View\\Middleware\\ShareErrorsFromSession.php(49): Illuminate\\Pipeline\\Pipeline->Illuminate\\Pipeline\\{closure}(Object(Illuminate\\Http\\Request))
#22 D:\\Kuliah\\Smt 4\\PWL\\Coding PWL\\ecommerce-laravel-master-final\\ecommerce-laravel-master\\vendor\\laravel\\framework\\src\\Illuminate\\Pipeline\\Pipeline.php(167): Illuminate\\View\\Middleware\\ShareErrorsFromSession->handle(Object(Illuminate\\Http\\Request), Object(Closure))
#23 D:\\Kuliah\\Smt 4\\PWL\\Coding PWL\\ecommerce-laravel-master-final\\ecommerce-laravel-master\\vendor\\laravel\\framework\\src\\Illuminate\\Session\\Middleware\\StartSession.php(121): Illuminate\\Pipeline\\Pipeline->Illuminate\\Pipeline\\{closure}(Object(Illuminate\\Http\\Request))
#24 D:\\Kuliah\\Smt 4\\PWL\\Coding PWL\\ecommerce-laravel-master-final\\ecommerce-laravel-master\\vendor\\laravel\\framework\\src\\Illuminate\\Session\\Middleware\\StartSession.php(64): Illuminate\\Session\\Middleware\\StartSession->handleStatefulRequest(Object(Illuminate\\Http\\Request), Object(Illuminate\\Session\\Store), Object(Closure))
#25 D:\\Kuliah\\Smt 4\\PWL\\Coding PWL\\ecommerce-laravel-master-final\\ecommerce-laravel-master\\vendor\\laravel\\framework\\src\\Illuminate\\Pipeline\\Pipeline.php(167): Illuminate\\Session\\Middleware\\StartSession->handle(Object(Illuminate\\Http\\Request), Object(Closure))
#26 D:\\Kuliah\\Smt 4\\PWL\\Coding PWL\\ecommerce-laravel-master-final\\ecommerce-laravel-master\\vendor\\laravel\\framework\\src\\Illuminate\\Cookie\\Middleware\\AddQueuedCookiesToResponse.php(37): Illuminate\\Pipeline\\Pipeline->Illuminate\\Pipeline\\{closure}(Object(Illuminate\\Http\\Request))
#27 D:\\Kuliah\\Smt 4\\PWL\\Coding PWL\\ecommerce-laravel-master-final\\ecommerce-laravel-master\\vendor\\laravel\\framework\\src\\Illuminate\\Pipeline\\Pipeline.php(167): Illuminate\\Cookie\\Middleware\\AddQueuedCookiesToResponse->handle(Object(Illuminate\\Http\\Request), Object(Closure))
#28 D:\\Kuliah\\Smt 4\\PWL\\Coding PWL\\ecommerce-laravel-master-final\\ecommerce-laravel-master\\vendor\\laravel\\framework\\src\\Illuminate\\Cookie\\Middleware\\EncryptCookies.php(67): Illuminate\\Pipeline\\Pipeline->Illuminate\\Pipeline\\{closure}(Object(Illuminate\\Http\\Request))
#29 D:\\Kuliah\\Smt 4\\PWL\\Coding PWL\\ecommerce-laravel-master-final\\ecommerce-laravel-master\\vendor\\laravel\\framework\\src\\Illuminate\\Pipeline\\Pipeline.php(167): Illuminate\\Cookie\\Middleware\\EncryptCookies->handle(Object(Illuminate\\Http\\Request), Object(Closure))
#30 D:\\Kuliah\\Smt 4\\PWL\\Coding PWL\\ecommerce-laravel-master-final\\ecommerce-laravel-master\\vendor\\laravel\\framework\\src\\Illuminate\\Pipeline\\Pipeline.php(103): Illuminate\\Pipeline\\Pipeline->Illuminate\\Pipeline\\{closure}(Object(Illuminate\\Http\\Request))
#31 D:\\Kuliah\\Smt 4\\PWL\\Coding PWL\\ecommerce-laravel-master-final\\ecommerce-laravel-master\\vendor\\laravel\\framework\\src\\Illuminate\\Routing\\Router.php(723): Illuminate\\Pipeline\\Pipeline->then(Object(Closure))
#32 D:\\Kuliah\\Smt 4\\PWL\\Coding PWL\\ecommerce-laravel-master-final\\ecommerce-laravel-master\\vendor\\laravel\\framework\\src\\Illuminate\\Routing\\Router.php(698): Illuminate\\Routing\\Router->runRouteWithinStack(Object(Illuminate\\Routing\\Route), Object(Illuminate\\Http\\Request))
#33 D:\\Kuliah\\Smt 4\\PWL\\Coding PWL\\ecommerce-laravel-master-final\\ecommerce-laravel-master\\vendor\\laravel\\framework\\src\\Illuminate\\Routing\\Router.php(662): Illuminate\\Routing\\Router->runRoute(Object(Illuminate\\Http\\Request), Object(Illuminate\\Routing\\Route))
#34 D:\\Kuliah\\Smt 4\\PWL\\Coding PWL\\ecommerce-laravel-master-final\\ecommerce-laravel-master\\vendor\\laravel\\framework\\src\\Illuminate\\Routing\\Router.php(651): Illuminate\\Routing\\Router->dispatchToRoute(Object(Illuminate\\Http\\Request))
#35 D:\\Kuliah\\Smt 4\\PWL\\Coding PWL\\ecommerce-laravel-master-final\\ecommerce-laravel-master\\vendor\\laravel\\framework\\src\\Illuminate\\Foundation\\Http\\Kernel.php(167): Illuminate\\Routing\\Router->dispatch(Object(Illuminate\\Http\\Request))
#36 D:\\Kuliah\\Smt 4\\PWL\\Coding PWL\\ecommerce-laravel-master-final\\ecommerce-laravel-master\\vendor\\laravel\\framework\\src\\Illuminate\\Pipeline\\Pipeline.php(128): Illuminate\\Foundation\\Http\\Kernel->Illuminate\\Foundation\\Http\\{closure}(Object(Illuminate\\Http\\Request))
#37 D:\\Kuliah\\Smt 4\\PWL\\Coding PWL\\ecommerce-laravel-master-final\\ecommerce-laravel-master\\vendor\\barryvdh\\laravel-debugbar\\src\\Middleware\\InjectDebugbar.php(67): Illuminate\\Pipeline\\Pipeline->Illuminate\\Pipeline\\{closure}(Object(Illuminate\\Http\\Request))
#38 D:\\Kuliah\\Smt 4\\PWL\\Coding PWL\\ecommerce-laravel-master-final\\ecommerce-laravel-master\\vendor\\laravel\\framework\\src\\Illuminate\\Pipeline\\Pipeline.php(167): Barryvdh\\Debugbar\\Middleware\\InjectDebugbar->handle(Object(Illuminate\\Http\\Request), Object(Closure))
#39 D:\\Kuliah\\Smt 4\\PWL\\Coding PWL\\ecommerce-laravel-master-final\\ecommerce-laravel-master\\vendor\\laravel\\framework\\src\\Illuminate\\Foundation\\Http\\Middleware\\TransformsRequest.php(21): Illuminate\\Pipeline\\Pipeline->Illuminate\\Pipeline\\{closure}(Object(Illuminate\\Http\\Request))
#40 D:\\Kuliah\\Smt 4\\PWL\\Coding PWL\\ecommerce-laravel-master-final\\ecommerce-laravel-master\\vendor\\laravel\\framework\\src\\Illuminate\\Foundation\\Http\\Middleware\\ConvertEmptyStringsToNull.php(31): Illuminate\\Foundation\\Http\\Middleware\\TransformsRequest->handle(Object(Illuminate\\Http\\Request), Object(Closure))
#41 D:\\Kuliah\\Smt 4\\PWL\\Coding PWL\\ecommerce-laravel-master-final\\ecommerce-laravel-master\\vendor\\laravel\\framework\\src\\Illuminate\\Pipeline\\Pipeline.php(167): Illuminate\\Foundation\\Http\\Middleware\\ConvertEmptyStringsToNull->handle(Object(Illuminate\\Http\\Request), Object(Closure))
#42 D:\\Kuliah\\Smt 4\\PWL\\Coding PWL\\ecommerce-laravel-master-final\\ecommerce-laravel-master\\vendor\\laravel\\framework\\src\\Illuminate\\Foundation\\Http\\Middleware\\TransformsRequest.php(21): Illuminate\\Pipeline\\Pipeline->Illuminate\\Pipeline\\{closure}(Object(Illuminate\\Http\\Request))
#43 D:\\Kuliah\\Smt 4\\PWL\\Coding PWL\\ecommerce-laravel-master-final\\ecommerce-laravel-master\\vendor\\laravel\\framework\\src\\Illuminate\\Foundation\\Http\\Middleware\\TrimStrings.php(40): Illuminate\\Foundation\\Http\\Middleware\\TransformsRequest->handle(Object(Illuminate\\Http\\Request), Object(Closure))
#44 D:\\Kuliah\\Smt 4\\PWL\\Coding PWL\\ecommerce-laravel-master-final\\ecommerce-laravel-master\\vendor\\laravel\\framework\\src\\Illuminate\\Pipeline\\Pipeline.php(167): Illuminate\\Foundation\\Http\\Middleware\\TrimStrings->handle(Object(Illuminate\\Http\\Request), Object(Closure))
#45 D:\\Kuliah\\Smt 4\\PWL\\Coding PWL\\ecommerce-laravel-master-final\\ecommerce-laravel-master\\vendor\\laravel\\framework\\src\\Illuminate\\Foundation\\Http\\Middleware\\ValidatePostSize.php(27): Illuminate\\Pipeline\\Pipeline->Illuminate\\Pipeline\\{closure}(Object(Illuminate\\Http\\Request))
#46 D:\\Kuliah\\Smt 4\\PWL\\Coding PWL\\ecommerce-laravel-master-final\\ecommerce-laravel-master\\vendor\\laravel\\framework\\src\\Illuminate\\Pipeline\\Pipeline.php(167): Illuminate\\Foundation\\Http\\Middleware\\ValidatePostSize->handle(Object(Illuminate\\Http\\Request), Object(Closure))
#47 D:\\Kuliah\\Smt 4\\PWL\\Coding PWL\\ecommerce-laravel-master-final\\ecommerce-laravel-master\\vendor\\laravel\\framework\\src\\Illuminate\\Foundation\\Http\\Middleware\\PreventRequestsDuringMaintenance.php(86): Illuminate\\Pipeline\\Pipeline->Illuminate\\Pipeline\\{closure}(Object(Illuminate\\Http\\Request))
#48 D:\\Kuliah\\Smt 4\\PWL\\Coding PWL\\ecommerce-laravel-master-final\\ecommerce-laravel-master\\vendor\\laravel\\framework\\src\\Illuminate\\Pipeline\\Pipeline.php(167): Illuminate\\Foundation\\Http\\Middleware\\PreventRequestsDuringMaintenance->handle(Object(Illuminate\\Http\\Request), Object(Closure))
#49 D:\\Kuliah\\Smt 4\\PWL\\Coding PWL\\ecommerce-laravel-master-final\\ecommerce-laravel-master\\vendor\\fideloper\\proxy\\src\\TrustProxies.php(57): Illuminate\\Pipeline\\Pipeline->Illuminate\\Pipeline\\{closure}(Object(Illuminate\\Http\\Request))
#50 D:\\Kuliah\\Smt 4\\PWL\\Coding PWL\\ecommerce-laravel-master-final\\ecommerce-laravel-master\\vendor\\laravel\\framework\\src\\Illuminate\\Pipeline\\Pipeline.php(167): Fideloper\\Proxy\\TrustProxies->handle(Object(Illuminate\\Http\\Request), Object(Closure))
#51 D:\\Kuliah\\Smt 4\\PWL\\Coding PWL\\ecommerce-laravel-master-final\\ecommerce-laravel-master\\vendor\\laravel\\framework\\src\\Illuminate\\Pipeline\\Pipeline.php(103): Illuminate\\Pipeline\\Pipeline->Illuminate\\Pipeline\\{closure}(Object(Illuminate\\Http\\Request))
#52 D:\\Kuliah\\Smt 4\\PWL\\Coding PWL\\ecommerce-laravel-master-final\\ecommerce-laravel-master\\vendor\\laravel\\framework\\src\\Illuminate\\Foundation\\Http\\Kernel.php(142): Illuminate\\Pipeline\\Pipeline->then(Object(Closure))
#53 D:\\Kuliah\\Smt 4\\PWL\\Coding PWL\\ecommerce-laravel-master-final\\ecommerce-laravel-master\\vendor\\laravel\\framework\\src\\Illuminate\\Foundation\\Http\\Kernel.php(111): Illuminate\\Foundation\\Http\\Kernel->sendRequestThroughRouter(Object(Illuminate\\Http\\Request))
#54 D:\\Kuliah\\Smt 4\\PWL\\Coding PWL\\ecommerce-laravel-master-final\\ecommerce-laravel-master\\public\\index.php(55): Illuminate\\Foundation\\Http\\Kernel->handle(Object(Illuminate\\Http\\Request))
#55 D:\\Kuliah\\Smt 4\\PWL\\Coding PWL\\ecommerce-laravel-master-final\\ecommerce-laravel-master\\server.php(21): require_once('D:\\\\Kuliah\\\\Smt 4...')
#56 {main}
"} 
